<?xml version="1.0" encoding="UTF-8"?>
<coverage generated="1524387540139" clover="3.2.0">
  <project timestamp="1524387540139" name="All files">
    <metrics statements="797" coveredstatements="599" conditionals="325" coveredconditionals="193" methods="45" coveredmethods="29" elements="1167" coveredelements="821" complexity="0" loc="797" ncloc="797" packages="4" files="7" classes="7">
      <package name="api">
        <metrics statements="9" coveredstatements="7" conditionals="0" coveredconditionals="0" methods="3" coveredmethods="1"/>
        <file name="ApiTool.js" path="/Users/oliver/Documents/Projects/JS/demon/api/ApiTool.js">
          <metrics statements="9" coveredstatements="7" conditionals="0" coveredconditionals="0" methods="3" coveredmethods="1"/>
          <line num="1" count="1" type="stmt"/>
          <line num="3" count="1" type="stmt"/>
          <line num="5" count="1" type="stmt"/>
          <line num="6" count="2" type="stmt"/>
          <line num="9" count="1" type="stmt"/>
          <line num="10" count="0" type="stmt"/>
          <line num="13" count="1" type="stmt"/>
          <line num="14" count="0" type="stmt"/>
          <line num="17" count="1" type="stmt"/>
        </file>
      </package>
      <package name="config.server">
        <metrics statements="4" coveredstatements="4" conditionals="0" coveredconditionals="0" methods="0" coveredmethods="0"/>
        <file name="setting.js" path="/Users/oliver/Documents/Projects/JS/demon/config/server/setting.js">
          <metrics statements="4" coveredstatements="4" conditionals="0" coveredconditionals="0" methods="0" coveredmethods="0"/>
          <line num="1" count="1" type="stmt"/>
          <line num="2" count="1" type="stmt"/>
          <line num="3" count="1" type="stmt"/>
          <line num="28" count="1" type="stmt"/>
        </file>
      </package>
      <package name="network.server.controllers">
        <metrics statements="29" coveredstatements="9" conditionals="23" coveredconditionals="2" methods="11" coveredmethods="2"/>
        <file name="BaseController.js" path="/Users/oliver/Documents/Projects/JS/demon/network/server/controllers/BaseController.js">
          <metrics statements="29" coveredstatements="9" conditionals="23" coveredconditionals="2" methods="11" coveredmethods="2"/>
          <line num="1" count="1" type="stmt"/>
          <line num="9" count="1" type="stmt"/>
          <line num="10" count="1" type="stmt"/>
          <line num="17" count="0" type="stmt"/>
          <line num="23" count="0" type="stmt"/>
          <line num="29" count="0" type="stmt"/>
          <line num="36" count="0" type="cond" truecount="0" falsecount="4"/>
          <line num="37" count="0" type="stmt"/>
          <line num="38" count="0" type="cond" truecount="0" falsecount="2"/>
          <line num="45" count="3" type="stmt"/>
          <line num="46" count="3" type="stmt"/>
          <line num="50" count="3" type="stmt"/>
          <line num="51" count="18" type="cond" truecount="2" falsecount="0"/>
          <line num="54" count="3" type="stmt"/>
          <line num="61" count="0" type="cond" truecount="0" falsecount="2"/>
          <line num="69" count="0" type="cond" truecount="0" falsecount="2"/>
          <line num="70" count="0" type="stmt"/>
          <line num="71" count="0" type="cond" truecount="0" falsecount="2"/>
          <line num="72" count="0" type="cond" truecount="0" falsecount="2"/>
          <line num="73" count="0" type="stmt"/>
          <line num="75" count="0" type="stmt"/>
          <line num="82" count="0" type="stmt"/>
          <line num="83" count="0" type="stmt"/>
          <line num="84" count="0" type="cond" truecount="0" falsecount="4"/>
          <line num="94" count="0" type="stmt"/>
          <line num="95" count="0" type="cond" truecount="0" falsecount="3"/>
          <line num="115" count="0" type="stmt"/>
          <line num="116" count="0" type="stmt"/>
          <line num="121" count="1" type="stmt"/>
        </file>
      </package>
      <package name="utils">
        <metrics statements="755" coveredstatements="579" conditionals="302" coveredconditionals="191" methods="31" coveredmethods="26"/>
        <file name="CookieHelp.js" path="/Users/oliver/Documents/Projects/JS/demon/utils/CookieHelp.js">
          <metrics statements="44" coveredstatements="43" conditionals="26" coveredconditionals="23" methods="0" coveredmethods="0"/>
          <line num="5" count="2" type="stmt"/>
          <line num="11" count="4" type="cond" truecount="2" falsecount="0"/>
          <line num="12" count="2" type="stmt"/>
          <line num="14" count="4" type="stmt"/>
          <line num="15" count="4" type="stmt"/>
          <line num="23" count="4" type="cond" truecount="2" falsecount="0"/>
          <line num="24" count="2" type="stmt"/>
          <line num="25" count="2" type="cond" truecount="4" falsecount="0"/>
          <line num="26" count="1" type="stmt"/>
          <line num="28" count="1" type="stmt"/>
          <line num="29" count="1" type="stmt"/>
          <line num="31" count="0" type="stmt"/>
          <line num="35" count="2" type="cond" truecount="2" falsecount="0"/>
          <line num="45" count="2" type="stmt"/>
          <line num="46" count="2" type="stmt"/>
          <line num="49" count="1" type="stmt"/>
          <line num="56" count="8" type="cond" truecount="2" falsecount="0"/>
          <line num="57" count="3" type="stmt"/>
          <line num="58" count="3" type="cond" truecount="1" falsecount="1"/>
          <line num="59" count="3" type="stmt"/>
          <line num="60" count="3" type="stmt"/>
          <line num="61" count="3" type="stmt"/>
          <line num="62" count="3" type="stmt"/>
          <line num="63" count="3" type="cond" truecount="1" falsecount="1"/>
          <line num="64" count="3" type="stmt"/>
          <line num="66" count="3" type="stmt"/>
          <line num="67" count="3" type="stmt"/>
          <line num="70" count="5" type="stmt"/>
          <line num="73" count="7" type="cond" truecount="2" falsecount="0"/>
          <line num="74" count="7" type="stmt"/>
          <line num="77" count="10" type="stmt"/>
          <line num="78" count="10" type="cond" truecount="2" falsecount="0"/>
          <line num="79" count="5" type="stmt"/>
          <line num="81" count="5" type="stmt"/>
          <line num="84" count="10" type="cond" truecount="1" falsecount="1"/>
          <line num="87" count="10" type="cond" truecount="2" falsecount="0"/>
          <line num="88" count="10" type="stmt"/>
          <line num="89" count="10" type="stmt"/>
          <line num="90" count="10" type="stmt"/>
          <line num="95" count="2" type="stmt"/>
          <line num="96" count="2" type="cond" truecount="2" falsecount="0"/>
          <line num="97" count="1" type="stmt"/>
          <line num="98" count="2" type="stmt"/>
          <line num="103" count="2" type="stmt"/>
        </file>
        <file name="Des.js" path="/Users/oliver/Documents/Projects/JS/demon/utils/Des.js">
          <metrics statements="556" coveredstatements="398" conditionals="184" coveredconditionals="94" methods="19" coveredmethods="14"/>
          <line num="6" count="1" type="stmt"/>
          <line num="7" count="1" type="stmt"/>
          <line num="9" count="1" type="cond" truecount="3" falsecount="1"/>
          <line num="10" count="1" type="stmt"/>
          <line num="11" count="1" type="stmt"/>
          <line num="13" count="1" type="cond" truecount="2" falsecount="2"/>
          <line num="14" count="0" type="stmt"/>
          <line num="15" count="0" type="stmt"/>
          <line num="17" count="1" type="cond" truecount="2" falsecount="2"/>
          <line num="18" count="0" type="stmt"/>
          <line num="19" count="0" type="stmt"/>
          <line num="22" count="1" type="cond" truecount="1" falsecount="1"/>
          <line num="23" count="1" type="cond" truecount="1" falsecount="1"/>
          <line num="24" count="0" type="stmt"/>
          <line num="26" count="0" type="cond" truecount="0" falsecount="8"/>
          <line num="29" count="0" type="stmt"/>
          <line num="30" count="0" type="stmt"/>
          <line num="31" count="0" type="stmt"/>
          <line num="33" count="0" type="stmt"/>
          <line num="34" count="0" type="stmt"/>
          <line num="36" count="0" type="stmt"/>
          <line num="37" count="0" type="stmt"/>
          <line num="39" count="0" type="stmt"/>
          <line num="41" count="0" type="cond" truecount="0" falsecount="6"/>
          <line num="44" count="0" type="stmt"/>
          <line num="45" count="0" type="stmt"/>
          <line num="46" count="0" type="stmt"/>
          <line num="48" count="0" type="stmt"/>
          <line num="49" count="0" type="stmt"/>
          <line num="51" count="0" type="stmt"/>
          <line num="53" count="0" type="cond" truecount="0" falsecount="4"/>
          <line num="55" count="0" type="stmt"/>
          <line num="56" count="0" type="stmt"/>
          <line num="57" count="0" type="stmt"/>
          <line num="58" count="0" type="stmt"/>
          <line num="60" count="0" type="stmt"/>
          <line num="64" count="0" type="stmt"/>
          <line num="66" count="1" type="stmt"/>
          <line num="67" count="1" type="stmt"/>
          <line num="68" count="1" type="stmt"/>
          <line num="69" count="1" type="stmt"/>
          <line num="70" count="2" type="stmt"/>
          <line num="71" count="2" type="stmt"/>
          <line num="73" count="2" type="cond" truecount="4" falsecount="4"/>
          <line num="76" count="0" type="stmt"/>
          <line num="77" count="0" type="stmt"/>
          <line num="78" count="0" type="stmt"/>
          <line num="80" count="0" type="stmt"/>
          <line num="81" count="0" type="stmt"/>
          <line num="83" count="0" type="stmt"/>
          <line num="84" count="0" type="stmt"/>
          <line num="86" count="0" type="stmt"/>
          <line num="88" count="2" type="cond" truecount="4" falsecount="2"/>
          <line num="91" count="0" type="stmt"/>
          <line num="92" count="0" type="stmt"/>
          <line num="93" count="0" type="stmt"/>
          <line num="95" count="0" type="stmt"/>
          <line num="96" count="0" type="stmt"/>
          <line num="98" count="0" type="stmt"/>
          <line num="100" count="2" type="cond" truecount="3" falsecount="1"/>
          <line num="103" count="2" type="stmt"/>
          <line num="104" count="2" type="stmt"/>
          <line num="105" count="2" type="stmt"/>
          <line num="107" count="2" type="stmt"/>
          <line num="111" count="2" type="stmt"/>
          <line num="113" count="1" type="cond" truecount="1" falsecount="1"/>
          <line num="114" count="1" type="stmt"/>
          <line num="115" count="1" type="stmt"/>
          <line num="117" count="1" type="cond" truecount="4" falsecount="4"/>
          <line num="120" count="0" type="stmt"/>
          <line num="121" count="0" type="stmt"/>
          <line num="122" count="0" type="stmt"/>
          <line num="124" count="0" type="stmt"/>
          <line num="125" count="0" type="stmt"/>
          <line num="127" count="0" type="stmt"/>
          <line num="128" count="0" type="stmt"/>
          <line num="130" count="0" type="stmt"/>
          <line num="132" count="1" type="cond" truecount="4" falsecount="2"/>
          <line num="135" count="0" type="stmt"/>
          <line num="136" count="0" type="stmt"/>
          <line num="137" count="0" type="stmt"/>
          <line num="139" count="0" type="stmt"/>
          <line num="140" count="0" type="stmt"/>
          <line num="142" count="0" type="stmt"/>
          <line num="144" count="1" type="cond" truecount="3" falsecount="1"/>
          <line num="147" count="1" type="stmt"/>
          <line num="148" count="1" type="stmt"/>
          <line num="149" count="1" type="stmt"/>
          <line num="151" count="1" type="stmt"/>
          <line num="155" count="1" type="stmt"/>
          <line num="159" count="1" type="stmt"/>
          <line num="168" count="0" type="stmt"/>
          <line num="169" count="0" type="stmt"/>
          <line num="171" count="0" type="cond" truecount="0" falsecount="4"/>
          <line num="172" count="0" type="stmt"/>
          <line num="173" count="0" type="stmt"/>
          <line num="175" count="0" type="cond" truecount="0" falsecount="4"/>
          <line num="176" count="0" type="stmt"/>
          <line num="177" count="0" type="stmt"/>
          <line num="179" count="0" type="cond" truecount="0" falsecount="4"/>
          <line num="180" count="0" type="stmt"/>
          <line num="181" count="0" type="stmt"/>
          <line num="184" count="0" type="stmt"/>
          <line num="185" count="0" type="stmt"/>
          <line num="186" count="0" type="stmt"/>
          <line num="187" count="0" type="stmt"/>
          <line num="188" count="0" type="stmt"/>
          <line num="189" count="0" type="stmt"/>
          <line num="190" count="0" type="stmt"/>
          <line num="191" count="0" type="stmt"/>
          <line num="192" count="0" type="stmt"/>
          <line num="195" count="0" type="cond" truecount="0" falsecount="8"/>
          <line num="198" count="0" type="stmt"/>
          <line num="199" count="0" type="stmt"/>
          <line num="200" count="0" type="stmt"/>
          <line num="202" count="0" type="stmt"/>
          <line num="203" count="0" type="stmt"/>
          <line num="205" count="0" type="stmt"/>
          <line num="206" count="0" type="stmt"/>
          <line num="208" count="0" type="stmt"/>
          <line num="210" count="0" type="cond" truecount="0" falsecount="6"/>
          <line num="213" count="0" type="stmt"/>
          <line num="214" count="0" type="stmt"/>
          <line num="215" count="0" type="stmt"/>
          <line num="217" count="0" type="stmt"/>
          <line num="218" count="0" type="stmt"/>
          <line num="220" count="0" type="stmt"/>
          <line num="222" count="0" type="cond" truecount="0" falsecount="4"/>
          <line num="225" count="0" type="stmt"/>
          <line num="226" count="0" type="stmt"/>
          <line num="227" count="0" type="stmt"/>
          <line num="229" count="0" type="stmt"/>
          <line num="233" count="0" type="stmt"/>
          <line num="235" count="0" type="stmt"/>
          <line num="243" count="1" type="stmt"/>
          <line num="244" count="1" type="stmt"/>
          <line num="245" count="1" type="stmt"/>
          <line num="246" count="1" type="stmt"/>
          <line num="247" count="1" type="stmt"/>
          <line num="248" count="1" type="stmt"/>
          <line num="249" count="0" type="stmt"/>
          <line num="251" count="1" type="cond" truecount="1" falsecount="1"/>
          <line num="252" count="1" type="stmt"/>
          <line num="254" count="1" type="stmt"/>
          <line num="263" count="4" type="stmt"/>
          <line num="264" count="4" type="stmt"/>
          <line num="265" count="4" type="cond" truecount="2" falsecount="0"/>
          <line num="266" count="2" type="stmt"/>
          <line num="267" count="2" type="stmt"/>
          <line num="268" count="2" type="stmt"/>
          <line num="269" count="2" type="stmt"/>
          <line num="270" count="32" type="stmt"/>
          <line num="271" count="32" type="stmt"/>
          <line num="272" count="240" type="stmt"/>
          <line num="274" count="32" type="stmt"/>
          <line num="277" count="2" type="stmt"/>
          <line num="278" count="6" type="stmt"/>
          <line num="279" count="6" type="stmt"/>
          <line num="280" count="96" type="stmt"/>
          <line num="281" count="96" type="stmt"/>
          <line num="282" count="720" type="stmt"/>
          <line num="284" count="96" type="stmt"/>
          <line num="288" count="2" type="stmt"/>
          <line num="289" count="8" type="stmt"/>
          <line num="290" count="8" type="stmt"/>
          <line num="291" count="128" type="stmt"/>
          <line num="292" count="128" type="stmt"/>
          <line num="293" count="960" type="stmt"/>
          <line num="295" count="128" type="stmt"/>
          <line num="299" count="4" type="stmt"/>
          <line num="309" count="48" type="cond" truecount="15" falsecount="1"/>
          <line num="310" count="2" type="stmt"/>
          <line num="311" count="3" type="stmt"/>
          <line num="312" count="4" type="stmt"/>
          <line num="313" count="5" type="stmt"/>
          <line num="314" count="4" type="stmt"/>
          <line num="315" count="2" type="stmt"/>
          <line num="316" count="1" type="stmt"/>
          <line num="317" count="0" type="stmt"/>
          <line num="318" count="4" type="stmt"/>
          <line num="319" count="3" type="stmt"/>
          <line num="320" count="2" type="stmt"/>
          <line num="321" count="5" type="stmt"/>
          <line num="322" count="5" type="stmt"/>
          <line num="323" count="2" type="stmt"/>
          <line num="324" count="4" type="stmt"/>
          <line num="325" count="2" type="stmt"/>
          <line num="327" count="48" type="stmt"/>
          <line num="337" count="0" type="cond" truecount="0" falsecount="16"/>
          <line num="338" count="0" type="stmt"/>
          <line num="339" count="0" type="stmt"/>
          <line num="340" count="0" type="stmt"/>
          <line num="341" count="0" type="stmt"/>
          <line num="342" count="0" type="stmt"/>
          <line num="343" count="0" type="stmt"/>
          <line num="344" count="0" type="stmt"/>
          <line num="345" count="0" type="stmt"/>
          <line num="346" count="0" type="stmt"/>
          <line num="347" count="0" type="stmt"/>
          <line num="348" count="0" type="stmt"/>
          <line num="349" count="0" type="stmt"/>
          <line num="350" count="0" type="stmt"/>
          <line num="351" count="0" type="stmt"/>
          <line num="352" count="0" type="stmt"/>
          <line num="353" count="0" type="stmt"/>
          <line num="355" count="0" type="stmt"/>
          <line num="364" count="0" type="stmt"/>
          <line num="365" count="0" type="stmt"/>
          <line num="366" count="0" type="stmt"/>
          <line num="367" count="0" type="stmt"/>
          <line num="368" count="0" type="stmt"/>
          <line num="369" count="0" type="stmt"/>
          <line num="370" count="0" type="stmt"/>
          <line num="372" count="0" type="stmt"/>
          <line num="374" count="0" type="cond" truecount="0" falsecount="2"/>
          <line num="375" count="0" type="stmt"/>
          <line num="378" count="0" type="stmt"/>
          <line num="382" count="3" type="stmt"/>
          <line num="383" count="3" type="stmt"/>
          <line num="384" count="48" type="stmt"/>
          <line num="385" count="48" type="stmt"/>
          <line num="386" count="192" type="stmt"/>
          <line num="388" count="48" type="stmt"/>
          <line num="390" count="3" type="stmt"/>
          <line num="394" count="0" type="stmt"/>
          <line num="395" count="0" type="stmt"/>
          <line num="396" count="0" type="stmt"/>
          <line num="398" count="0" type="stmt"/>
          <line num="406" count="3" type="stmt"/>
          <line num="407" count="3" type="stmt"/>
          <line num="408" count="3" type="stmt"/>
          <line num="409" count="3" type="stmt"/>
          <line num="410" count="3" type="stmt"/>
          <line num="411" count="3" type="stmt"/>
          <line num="412" count="3" type="stmt"/>
          <line num="413" count="96" type="stmt"/>
          <line num="414" count="96" type="stmt"/>
          <line num="416" count="3" type="stmt"/>
          <line num="417" count="48" type="stmt"/>
          <line num="418" count="1536" type="stmt"/>
          <line num="419" count="1536" type="stmt"/>
          <line num="421" count="48" type="stmt"/>
          <line num="422" count="48" type="stmt"/>
          <line num="423" count="2304" type="stmt"/>
          <line num="425" count="48" type="stmt"/>
          <line num="426" count="48" type="stmt"/>
          <line num="427" count="1536" type="stmt"/>
          <line num="433" count="3" type="stmt"/>
          <line num="434" count="3" type="stmt"/>
          <line num="435" count="96" type="stmt"/>
          <line num="436" count="96" type="stmt"/>
          <line num="438" count="3" type="stmt"/>
          <line num="442" count="0" type="stmt"/>
          <line num="443" count="0" type="stmt"/>
          <line num="444" count="0" type="stmt"/>
          <line num="445" count="0" type="stmt"/>
          <line num="446" count="0" type="stmt"/>
          <line num="447" count="0" type="stmt"/>
          <line num="448" count="0" type="stmt"/>
          <line num="449" count="0" type="stmt"/>
          <line num="450" count="0" type="stmt"/>
          <line num="452" count="0" type="stmt"/>
          <line num="453" count="0" type="stmt"/>
          <line num="454" count="0" type="stmt"/>
          <line num="455" count="0" type="stmt"/>
          <line num="457" count="0" type="stmt"/>
          <line num="458" count="0" type="stmt"/>
          <line num="459" count="0" type="stmt"/>
          <line num="462" count="0" type="stmt"/>
          <line num="463" count="0" type="stmt"/>
          <line num="464" count="0" type="stmt"/>
          <line num="469" count="0" type="stmt"/>
          <line num="470" count="0" type="stmt"/>
          <line num="471" count="0" type="stmt"/>
          <line num="472" count="0" type="stmt"/>
          <line num="474" count="0" type="stmt"/>
          <line num="478" count="3" type="stmt"/>
          <line num="479" count="3" type="stmt"/>
          <line num="480" count="12" type="stmt"/>
          <line num="481" count="96" type="stmt"/>
          <line num="482" count="96" type="stmt"/>
          <line num="485" count="3" type="stmt"/>
          <line num="489" count="48" type="stmt"/>
          <line num="490" count="48" type="stmt"/>
          <line num="491" count="384" type="cond" truecount="2" falsecount="0"/>
          <line num="492" count="48" type="stmt"/>
          <line num="494" count="336" type="stmt"/>
          <line num="496" count="384" type="stmt"/>
          <line num="497" count="384" type="stmt"/>
          <line num="498" count="384" type="stmt"/>
          <line num="499" count="384" type="stmt"/>
          <line num="500" count="384" type="cond" truecount="2" falsecount="0"/>
          <line num="501" count="48" type="stmt"/>
          <line num="503" count="336" type="stmt"/>
          <line num="506" count="48" type="stmt"/>
          <line num="510" count="96" type="stmt"/>
          <line num="511" count="96" type="stmt"/>
          <line num="512" count="3840" type="stmt"/>
          <line num="514" count="96" type="stmt"/>
          <line num="519" count="48" type="stmt"/>
          <line num="520" count="48" type="stmt"/>
          <line num="521" count="48" type="stmt"/>
          <line num="528" count="48" type="stmt"/>
          <line num="535" count="48" type="stmt"/>
          <line num="541" count="48" type="stmt"/>
          <line num="548" count="48" type="stmt"/>
          <line num="555" count="48" type="stmt"/>
          <line num="562" count="48" type="stmt"/>
          <line num="569" count="48" type="stmt"/>
          <line num="575" count="48" type="stmt"/>
          <line num="576" count="384" type="stmt"/>
          <line num="577" count="384" type="stmt"/>
          <line num="578" count="384" type="stmt"/>
          <line num="582" count="384" type="cond" truecount="8" falsecount="0"/>
          <line num="584" count="48" type="stmt"/>
          <line num="585" count="48" type="stmt"/>
          <line num="587" count="48" type="stmt"/>
          <line num="588" count="48" type="stmt"/>
          <line num="590" count="48" type="stmt"/>
          <line num="591" count="48" type="stmt"/>
          <line num="593" count="48" type="stmt"/>
          <line num="594" count="48" type="stmt"/>
          <line num="596" count="48" type="stmt"/>
          <line num="597" count="48" type="stmt"/>
          <line num="599" count="48" type="stmt"/>
          <line num="600" count="48" type="stmt"/>
          <line num="602" count="48" type="stmt"/>
          <line num="603" count="48" type="stmt"/>
          <line num="605" count="48" type="stmt"/>
          <line num="606" count="48" type="stmt"/>
          <line num="608" count="384" type="stmt"/>
          <line num="609" count="384" type="stmt"/>
          <line num="610" count="384" type="stmt"/>
          <line num="611" count="384" type="stmt"/>
          <line num="613" count="48" type="stmt"/>
          <line num="617" count="48" type="stmt"/>
          <line num="618" count="48" type="stmt"/>
          <line num="619" count="48" type="stmt"/>
          <line num="620" count="48" type="stmt"/>
          <line num="621" count="48" type="stmt"/>
          <line num="622" count="48" type="stmt"/>
          <line num="623" count="48" type="stmt"/>
          <line num="624" count="48" type="stmt"/>
          <line num="625" count="48" type="stmt"/>
          <line num="626" count="48" type="stmt"/>
          <line num="627" count="48" type="stmt"/>
          <line num="628" count="48" type="stmt"/>
          <line num="629" count="48" type="stmt"/>
          <line num="630" count="48" type="stmt"/>
          <line num="631" count="48" type="stmt"/>
          <line num="632" count="48" type="stmt"/>
          <line num="633" count="48" type="stmt"/>
          <line num="634" count="48" type="stmt"/>
          <line num="635" count="48" type="stmt"/>
          <line num="636" count="48" type="stmt"/>
          <line num="637" count="48" type="stmt"/>
          <line num="638" count="48" type="stmt"/>
          <line num="639" count="48" type="stmt"/>
          <line num="640" count="48" type="stmt"/>
          <line num="641" count="48" type="stmt"/>
          <line num="642" count="48" type="stmt"/>
          <line num="643" count="48" type="stmt"/>
          <line num="644" count="48" type="stmt"/>
          <line num="645" count="48" type="stmt"/>
          <line num="646" count="48" type="stmt"/>
          <line num="647" count="48" type="stmt"/>
          <line num="648" count="48" type="stmt"/>
          <line num="649" count="48" type="stmt"/>
          <line num="650" count="48" type="stmt"/>
          <line num="654" count="3" type="stmt"/>
          <line num="655" count="3" type="stmt"/>
          <line num="656" count="3" type="stmt"/>
          <line num="657" count="3" type="stmt"/>
          <line num="658" count="3" type="stmt"/>
          <line num="659" count="3" type="stmt"/>
          <line num="660" count="3" type="stmt"/>
          <line num="661" count="3" type="stmt"/>
          <line num="662" count="3" type="stmt"/>
          <line num="663" count="3" type="stmt"/>
          <line num="664" count="3" type="stmt"/>
          <line num="665" count="3" type="stmt"/>
          <line num="666" count="3" type="stmt"/>
          <line num="667" count="3" type="stmt"/>
          <line num="668" count="3" type="stmt"/>
          <line num="669" count="3" type="stmt"/>
          <line num="670" count="3" type="stmt"/>
          <line num="671" count="3" type="stmt"/>
          <line num="672" count="3" type="stmt"/>
          <line num="673" count="3" type="stmt"/>
          <line num="674" count="3" type="stmt"/>
          <line num="675" count="3" type="stmt"/>
          <line num="676" count="3" type="stmt"/>
          <line num="677" count="3" type="stmt"/>
          <line num="678" count="3" type="stmt"/>
          <line num="679" count="3" type="stmt"/>
          <line num="680" count="3" type="stmt"/>
          <line num="681" count="3" type="stmt"/>
          <line num="682" count="3" type="stmt"/>
          <line num="683" count="3" type="stmt"/>
          <line num="684" count="3" type="stmt"/>
          <line num="685" count="3" type="stmt"/>
          <line num="686" count="3" type="stmt"/>
          <line num="687" count="3" type="stmt"/>
          <line num="688" count="3" type="stmt"/>
          <line num="689" count="3" type="stmt"/>
          <line num="690" count="3" type="stmt"/>
          <line num="691" count="3" type="stmt"/>
          <line num="692" count="3" type="stmt"/>
          <line num="693" count="3" type="stmt"/>
          <line num="694" count="3" type="stmt"/>
          <line num="695" count="3" type="stmt"/>
          <line num="696" count="3" type="stmt"/>
          <line num="697" count="3" type="stmt"/>
          <line num="698" count="3" type="stmt"/>
          <line num="699" count="3" type="stmt"/>
          <line num="700" count="3" type="stmt"/>
          <line num="701" count="3" type="stmt"/>
          <line num="702" count="3" type="stmt"/>
          <line num="703" count="3" type="stmt"/>
          <line num="704" count="3" type="stmt"/>
          <line num="705" count="3" type="stmt"/>
          <line num="706" count="3" type="stmt"/>
          <line num="707" count="3" type="stmt"/>
          <line num="708" count="3" type="stmt"/>
          <line num="709" count="3" type="stmt"/>
          <line num="710" count="3" type="stmt"/>
          <line num="711" count="3" type="stmt"/>
          <line num="712" count="3" type="stmt"/>
          <line num="713" count="3" type="stmt"/>
          <line num="714" count="3" type="stmt"/>
          <line num="715" count="3" type="stmt"/>
          <line num="716" count="3" type="stmt"/>
          <line num="717" count="3" type="stmt"/>
          <line num="718" count="3" type="stmt"/>
          <line num="719" count="3" type="stmt"/>
          <line num="723" count="384" type="stmt"/>
          <line num="724" count="384" type="cond" truecount="16" falsecount="0"/>
          <line num="725" count="27" type="stmt"/>
          <line num="726" count="27" type="stmt"/>
          <line num="727" count="30" type="stmt"/>
          <line num="728" count="21" type="stmt"/>
          <line num="729" count="27" type="stmt"/>
          <line num="730" count="18" type="stmt"/>
          <line num="731" count="25" type="stmt"/>
          <line num="732" count="27" type="stmt"/>
          <line num="733" count="26" type="stmt"/>
          <line num="734" count="26" type="stmt"/>
          <line num="735" count="23" type="stmt"/>
          <line num="736" count="16" type="stmt"/>
          <line num="737" count="23" type="stmt"/>
          <line num="738" count="20" type="stmt"/>
          <line num="739" count="25" type="stmt"/>
          <line num="740" count="23" type="stmt"/>
          <line num="742" count="384" type="stmt"/>
          <line num="749" count="3" type="stmt"/>
          <line num="750" count="3" type="stmt"/>
          <line num="752" count="3" type="stmt"/>
          <line num="753" count="3" type="stmt"/>
          <line num="754" count="3" type="stmt"/>
          <line num="755" count="3" type="stmt"/>
          <line num="756" count="3" type="stmt"/>
          <line num="757" count="3" type="stmt"/>
          <line num="758" count="3" type="stmt"/>
          <line num="759" count="3" type="stmt"/>
          <line num="760" count="3" type="stmt"/>
          <line num="761" count="3" type="stmt"/>
          <line num="762" count="3" type="stmt"/>
          <line num="763" count="3" type="stmt"/>
          <line num="764" count="3" type="stmt"/>
          <line num="765" count="3" type="stmt"/>
          <line num="766" count="3" type="stmt"/>
          <line num="767" count="3" type="stmt"/>
          <line num="768" count="3" type="stmt"/>
          <line num="770" count="3" type="stmt"/>
          <line num="771" count="21" type="stmt"/>
          <line num="772" count="168" type="stmt"/>
          <line num="776" count="3" type="stmt"/>
          <line num="777" count="3" type="stmt"/>
          <line num="778" count="48" type="stmt"/>
          <line num="779" count="48" type="stmt"/>
          <line num="780" count="48" type="stmt"/>
          <line num="781" count="84" type="stmt"/>
          <line num="782" count="84" type="stmt"/>
          <line num="783" count="84" type="stmt"/>
          <line num="784" count="2268" type="stmt"/>
          <line num="785" count="2268" type="stmt"/>
          <line num="787" count="84" type="stmt"/>
          <line num="788" count="84" type="stmt"/>
          <line num="790" count="48" type="stmt"/>
          <line num="791" count="48" type="stmt"/>
          <line num="792" count="48" type="stmt"/>
          <line num="793" count="48" type="stmt"/>
          <line num="794" count="48" type="stmt"/>
          <line num="795" count="48" type="stmt"/>
          <line num="796" count="48" type="stmt"/>
          <line num="797" count="48" type="stmt"/>
          <line num="798" count="48" type="stmt"/>
          <line num="799" count="48" type="stmt"/>
          <line num="800" count="48" type="stmt"/>
          <line num="801" count="48" type="stmt"/>
          <line num="802" count="48" type="stmt"/>
          <line num="803" count="48" type="stmt"/>
          <line num="804" count="48" type="stmt"/>
          <line num="805" count="48" type="stmt"/>
          <line num="806" count="48" type="stmt"/>
          <line num="807" count="48" type="stmt"/>
          <line num="808" count="48" type="stmt"/>
          <line num="809" count="48" type="stmt"/>
          <line num="810" count="48" type="stmt"/>
          <line num="811" count="48" type="stmt"/>
          <line num="812" count="48" type="stmt"/>
          <line num="813" count="48" type="stmt"/>
          <line num="814" count="48" type="stmt"/>
          <line num="815" count="48" type="stmt"/>
          <line num="816" count="48" type="stmt"/>
          <line num="817" count="48" type="stmt"/>
          <line num="818" count="48" type="stmt"/>
          <line num="819" count="48" type="stmt"/>
          <line num="820" count="48" type="stmt"/>
          <line num="821" count="48" type="stmt"/>
          <line num="822" count="48" type="stmt"/>
          <line num="823" count="48" type="stmt"/>
          <line num="824" count="48" type="stmt"/>
          <line num="825" count="48" type="stmt"/>
          <line num="826" count="48" type="stmt"/>
          <line num="827" count="48" type="stmt"/>
          <line num="828" count="48" type="stmt"/>
          <line num="829" count="48" type="stmt"/>
          <line num="830" count="48" type="stmt"/>
          <line num="831" count="48" type="stmt"/>
          <line num="832" count="48" type="stmt"/>
          <line num="833" count="48" type="stmt"/>
          <line num="834" count="48" type="stmt"/>
          <line num="835" count="48" type="stmt"/>
          <line num="836" count="48" type="stmt"/>
          <line num="837" count="48" type="stmt"/>
          <line num="838" count="48" type="stmt"/>
          <line num="840" count="48" type="cond" truecount="16" falsecount="0"/>
          <line num="841" count="144" type="stmt"/>
          <line num="842" count="144" type="stmt"/>
          <line num="843" count="144" type="stmt"/>
          <line num="844" count="144" type="stmt"/>
          <line num="845" count="144" type="stmt"/>
          <line num="846" count="144" type="stmt"/>
          <line num="847" count="144" type="stmt"/>
          <line num="848" count="144" type="stmt"/>
          <line num="849" count="144" type="stmt"/>
          <line num="850" count="144" type="stmt"/>
          <line num="851" count="144" type="stmt"/>
          <line num="852" count="144" type="stmt"/>
          <line num="853" count="144" type="stmt"/>
          <line num="854" count="144" type="stmt"/>
          <line num="855" count="144" type="stmt"/>
          <line num="856" count="144" type="stmt"/>
          <line num="859" count="3" type="stmt"/>
          <line num="862" count="1" type="stmt"/>
        </file>
        <file name="FingerPrintGenerator.js" path="/Users/oliver/Documents/Projects/JS/demon/utils/FingerPrintGenerator.js">
          <metrics statements="16" coveredstatements="16" conditionals="6" coveredconditionals="6" methods="3" coveredmethods="3"/>
          <line num="1" count="1" type="stmt"/>
          <line num="2" count="1" type="stmt"/>
          <line num="13" count="1" type="stmt"/>
          <line num="14" count="1" type="stmt"/>
          <line num="15" count="1" type="stmt"/>
          <line num="16" count="46" type="cond" truecount="2" falsecount="0"/>
          <line num="17" count="23" type="stmt"/>
          <line num="19" count="23" type="stmt"/>
          <line num="22" count="1" type="stmt"/>
          <line num="26" count="1" type="stmt"/>
          <line num="27" count="1" type="stmt"/>
          <line num="30" count="1" type="stmt"/>
          <line num="34" count="2" type="cond" truecount="2" falsecount="0"/>
          <line num="35" count="2" type="cond" truecount="2" falsecount="0"/>
          <line num="36" count="2" type="stmt"/>
          <line num="40" count="1" type="stmt"/>
        </file>
        <file name="HttpTool.js" path="/Users/oliver/Documents/Projects/JS/demon/utils/HttpTool.js">
          <metrics statements="139" coveredstatements="122" conditionals="86" coveredconditionals="68" methods="9" coveredmethods="9"/>
          <line num="6" count="1" type="stmt"/>
          <line num="7" count="1" type="stmt"/>
          <line num="8" count="1" type="stmt"/>
          <line num="9" count="1" type="stmt"/>
          <line num="10" count="1" type="stmt"/>
          <line num="11" count="1" type="cond" truecount="2" falsecount="0"/>
          <line num="13" count="1" type="cond" truecount="1" falsecount="1"/>
          <line num="14" count="1" type="stmt"/>
          <line num="17" count="83" type="stmt"/>
          <line num="18" count="83" type="stmt"/>
          <line num="22" count="1" type="stmt"/>
          <line num="29" count="1" type="stmt"/>
          <line num="31" count="3" type="stmt"/>
          <line num="40" count="3" type="stmt"/>
          <line num="41" count="3" type="cond" truecount="2" falsecount="0"/>
          <line num="42" count="2" type="stmt"/>
          <line num="44" count="1" type="stmt"/>
          <line num="46" count="3" type="stmt"/>
          <line num="50" count="4" type="stmt"/>
          <line num="54" count="7" type="stmt"/>
          <line num="55" count="6" type="cond" truecount="2" falsecount="0"/>
          <line num="56" count="5" type="stmt"/>
          <line num="58" count="1" type="stmt"/>
          <line num="64" count="2" type="stmt"/>
          <line num="68" count="3" type="stmt"/>
          <line num="69" count="3" type="cond" truecount="2" falsecount="0"/>
          <line num="70" count="1" type="stmt"/>
          <line num="72" count="2" type="stmt"/>
          <line num="74" count="3" type="stmt"/>
          <line num="78" count="4" type="stmt"/>
          <line num="82" count="11" type="stmt"/>
          <line num="106" count="4" type="stmt"/>
          <line num="119" count="5" type="stmt"/>
          <line num="120" count="5" type="stmt"/>
          <line num="121" count="5" type="stmt"/>
          <line num="122" count="12" type="stmt"/>
          <line num="123" count="12" type="cond" truecount="2" falsecount="0"/>
          <line num="124" count="1" type="stmt"/>
          <line num="126" count="11" type="cond" truecount="2" falsecount="0"/>
          <line num="127" count="11" type="stmt"/>
          <line num="129" count="5" type="stmt"/>
          <line num="133" count="15" type="cond" truecount="1" falsecount="1"/>
          <line num="134" count="15" type="stmt"/>
          <line num="135" count="15" type="stmt"/>
          <line num="140" count="0" type="cond" truecount="0" falsecount="2"/>
          <line num="141" count="0" type="stmt"/>
          <line num="144" count="0" type="cond" truecount="0" falsecount="4"/>
          <line num="145" count="0" type="stmt"/>
          <line num="148" count="0" type="stmt"/>
          <line num="151" count="0" type="cond" truecount="0" falsecount="2"/>
          <line num="152" count="0" type="stmt"/>
          <line num="153" count="0" type="stmt"/>
          <line num="158" count="0" type="stmt"/>
          <line num="161" count="6" type="cond" truecount="3" falsecount="0"/>
          <line num="164" count="0" type="cond" truecount="0" falsecount="2"/>
          <line num="165" count="0" type="stmt"/>
          <line num="167" count="0" type="stmt"/>
          <line num="168" count="0" type="stmt"/>
          <line num="169" count="0" type="stmt"/>
          <line num="170" count="0" type="stmt"/>
          <line num="172" count="0" type="stmt"/>
          <line num="176" count="19" type="cond" truecount="1" falsecount="1"/>
          <line num="177" count="19" type="stmt"/>
          <line num="178" count="8" type="cond" truecount="2" falsecount="0"/>
          <line num="179" count="2" type="stmt"/>
          <line num="180" count="2" type="stmt"/>
          <line num="184" count="19" type="stmt"/>
          <line num="187" count="22" type="cond" truecount="2" falsecount="0"/>
          <line num="202" count="1" type="stmt"/>
          <line num="203" count="4" type="cond" truecount="1" falsecount="1"/>
          <line num="204" count="4" type="stmt"/>
          <line num="205" count="4" type="cond" truecount="3" falsecount="0"/>
          <line num="207" count="2" type="stmt"/>
          <line num="210" count="2" type="stmt"/>
          <line num="211" count="2" type="stmt"/>
          <line num="213" count="1" type="stmt"/>
          <line num="214" count="1" type="stmt"/>
          <line num="216" count="1" type="stmt"/>
          <line num="217" count="1" type="stmt"/>
          <line num="238" count="14" type="cond" truecount="1" falsecount="1"/>
          <line num="239" count="14" type="stmt"/>
          <line num="245" count="14" type="stmt"/>
          <line num="246" count="14" type="stmt"/>
          <line num="247" count="14" type="stmt"/>
          <line num="248" count="14" type="stmt"/>
          <line num="249" count="14" type="stmt"/>
          <line num="250" count="14" type="stmt"/>
          <line num="251" count="14" type="cond" truecount="3" falsecount="0"/>
          <line num="253" count="14" type="cond" truecount="4" falsecount="0"/>
          <line num="256" count="14" type="stmt"/>
          <line num="260" count="14" type="stmt"/>
          <line num="262" count="14" type="stmt"/>
          <line num="268" count="14" type="cond" truecount="1" falsecount="1"/>
          <line num="269" count="14" type="stmt"/>
          <line num="271" count="11" type="stmt"/>
          <line num="272" count="11" type="stmt"/>
          <line num="274" count="11" type="cond" truecount="5" falsecount="0"/>
          <line num="275" count="3" type="stmt"/>
          <line num="276" count="3" type="cond" truecount="2" falsecount="0"/>
          <line num="277" count="1" type="stmt"/>
          <line num="283" count="1" type="stmt"/>
          <line num="284" count="1" type="stmt"/>
          <line num="286" count="2" type="stmt"/>
          <line num="287" count="2" type="stmt"/>
          <line num="289" count="1" type="stmt"/>
          <line num="295" count="1" type="stmt"/>
          <line num="296" count="1" type="stmt"/>
          <line num="302" count="9" type="stmt"/>
          <line num="308" count="9" type="stmt"/>
          <line num="309" count="9" type="stmt"/>
          <line num="310" count="9" type="stmt"/>
          <line num="311" count="9" type="cond" truecount="2" falsecount="0"/>
          <line num="312" count="6" type="cond" truecount="2" falsecount="0"/>
          <line num="313" count="2" type="stmt"/>
          <line num="315" count="4" type="cond" truecount="2" falsecount="0"/>
          <line num="316" count="2" type="stmt"/>
          <line num="320" count="3" type="cond" truecount="2" falsecount="0"/>
          <line num="321" count="1" type="stmt"/>
          <line num="323" count="2" type="cond" truecount="2" falsecount="0"/>
          <line num="324" count="1" type="stmt"/>
          <line num="330" count="3" type="stmt"/>
          <line num="331" count="3" type="stmt"/>
          <line num="332" count="3" type="stmt"/>
          <line num="333" count="3" type="cond" truecount="2" falsecount="0"/>
          <line num="334" count="1" type="stmt"/>
          <line num="340" count="1" type="stmt"/>
          <line num="344" count="1" type="stmt"/>
          <line num="345" count="1" type="stmt"/>
          <line num="346" count="1" type="stmt"/>
          <line num="347" count="2" type="cond" truecount="2" falsecount="0"/>
          <line num="348" count="1" type="stmt"/>
          <line num="354" count="1" type="stmt"/>
          <line num="358" count="1" type="stmt"/>
          <line num="360" count="1" type="stmt"/>
          <line num="363" count="0" type="stmt"/>
          <line num="369" count="1" type="stmt"/>
          <line num="370" count="4" type="stmt"/>
          <line num="377" count="14" type="stmt"/>
          <line num="388" count="1" type="stmt"/>
        </file>
      </package>
    </metrics>
  </project>
</coverage>
