{"/Users/oliver/Documents/Projects/JS/demon/api/ApiTool.js": {"path":"/Users/oliver/Documents/Projects/JS/demon/api/ApiTool.js","statementMap":{"0":{"start":{"line":1,"column":11},"end":{"line":1,"column":26}},"1":{"start":{"line":3,"column":17},"end":{"line":3,"column":30}},"2":{"start":{"line":5,"column":23},"end":{"line":7,"column":1}},"3":{"start":{"line":6,"column":1},"end":{"line":6,"column":39}},"4":{"start":{"line":9,"column":22},"end":{"line":11,"column":1}},"5":{"start":{"line":10,"column":1},"end":{"line":10,"column":19}},"6":{"start":{"line":13,"column":22},"end":{"line":15,"column":1}},"7":{"start":{"line":14,"column":1},"end":{"line":14,"column":18}},"8":{"start":{"line":17,"column":0},"end":{"line":21,"column":1}}},"fnMap":{"0":{"name":"(anonymous_0)","decl":{"start":{"line":5,"column":23},"end":{"line":5,"column":24}},"loc":{"start":{"line":5,"column":35},"end":{"line":7,"column":1}},"line":5},"1":{"name":"(anonymous_1)","decl":{"start":{"line":9,"column":22},"end":{"line":9,"column":23}},"loc":{"start":{"line":9,"column":38},"end":{"line":11,"column":1}},"line":9},"2":{"name":"(anonymous_2)","decl":{"start":{"line":13,"column":22},"end":{"line":13,"column":23}},"loc":{"start":{"line":13,"column":34},"end":{"line":15,"column":1}},"line":13}},"branchMap":{},"s":{"0":1,"1":1,"2":1,"3":2,"4":1,"5":0,"6":1,"7":0,"8":1},"f":{"0":2,"1":0,"2":0},"b":{},"_coverageSchema":"332fd63041d2c1bcb487cc26dd0d5f7d97098a6c","hash":"7daddb1c8f803b5a0ad6f5ec241c9dccc78a2cbe"}
,"/Users/oliver/Documents/Projects/JS/demon/config/server/setting.js": {"path":"/Users/oliver/Documents/Projects/JS/demon/config/server/setting.js","statementMap":{"0":{"start":{"line":1,"column":11},"end":{"line":1,"column":26}},"1":{"start":{"line":2,"column":22},"end":{"line":2,"column":50}},"2":{"start":{"line":3,"column":14},"end":{"line":26,"column":1}},"3":{"start":{"line":28,"column":0},"end":{"line":28,"column":25}}},"fnMap":{},"branchMap":{},"s":{"0":1,"1":1,"2":1,"3":1},"f":{},"b":{},"_coverageSchema":"332fd63041d2c1bcb487cc26dd0d5f7d97098a6c","hash":"cd4a022e744c30d914418002a65667ee640233e2"}
,"/Users/oliver/Documents/Projects/JS/demon/network/server/controllers/BaseController.js": {"path":"/Users/oliver/Documents/Projects/JS/demon/network/server/controllers/BaseController.js","statementMap":{"0":{"start":{"line":1,"column":14},"end":{"line":1,"column":32}},"1":{"start":{"line":9,"column":2},"end":{"line":9,"column":25}},"2":{"start":{"line":10,"column":2},"end":{"line":10,"column":37}},"3":{"start":{"line":17,"column":2},"end":{"line":17,"column":19}},"4":{"start":{"line":23,"column":2},"end":{"line":23,"column":19}},"5":{"start":{"line":29,"column":2},"end":{"line":29,"column":37}},"6":{"start":{"line":36,"column":20},"end":{"line":36,"column":45}},"7":{"start":{"line":36,"column":56},"end":{"line":36,"column":81}},"8":{"start":{"line":36,"column":92},"end":{"line":36,"column":96}},"9":{"start":{"line":37,"column":2},"end":{"line":37,"column":56}},"10":{"start":{"line":38,"column":2},"end":{"line":38,"column":33}},"11":{"start":{"line":45,"column":14},"end":{"line":45,"column":16}},"12":{"start":{"line":45,"column":31},"end":{"line":45,"column":42}},"13":{"start":{"line":45,"column":64},"end":{"line":45,"column":76}},"14":{"start":{"line":46,"column":2},"end":{"line":46,"column":39}},"15":{"start":{"line":50,"column":2},"end":{"line":53,"column":3}},"16":{"start":{"line":51,"column":3},"end":{"line":52,"column":45}},"17":{"start":{"line":54,"column":2},"end":{"line":54,"column":15}},"18":{"start":{"line":61,"column":2},"end":{"line":61,"column":40}},"19":{"start":{"line":69,"column":10},"end":{"line":69,"column":11}},"20":{"start":{"line":69,"column":21},"end":{"line":69,"column":29}},"21":{"start":{"line":69,"column":37},"end":{"line":69,"column":41}},"22":{"start":{"line":69,"column":50},"end":{"line":69,"column":52}},"23":{"start":{"line":69,"column":67},"end":{"line":69,"column":85}},"24":{"start":{"line":70,"column":2},"end":{"line":74,"column":3}},"25":{"start":{"line":71,"column":3},"end":{"line":71,"column":78}},"26":{"start":{"line":72,"column":3},"end":{"line":72,"column":131}},"27":{"start":{"line":73,"column":3},"end":{"line":73,"column":7}},"28":{"start":{"line":75,"column":2},"end":{"line":75,"column":14}},"29":{"start":{"line":82,"column":27},"end":{"line":82,"column":39}},"30":{"start":{"line":82,"column":55},"end":{"line":82,"column":65}},"31":{"start":{"line":83,"column":2},"end":{"line":83,"column":23}},"32":{"start":{"line":84,"column":2},"end":{"line":84,"column":88}},"33":{"start":{"line":94,"column":28},"end":{"line":94,"column":40}},"34":{"start":{"line":95,"column":2},"end":{"line":96,"column":58}},"35":{"start":{"line":115,"column":2},"end":{"line":117,"column":21}},"36":{"start":{"line":116,"column":12},"end":{"line":116,"column":28}},"37":{"start":{"line":121,"column":0},"end":{"line":121,"column":32}}},"fnMap":{"0":{"name":"(anonymous_0)","decl":{"start":{"line":8,"column":1},"end":{"line":8,"column":2}},"loc":{"start":{"line":8,"column":22},"end":{"line":11,"column":2}},"line":8},"1":{"name":"(anonymous_1)","decl":{"start":{"line":16,"column":1},"end":{"line":16,"column":2}},"loc":{"start":{"line":16,"column":15},"end":{"line":18,"column":2}},"line":16},"2":{"name":"(anonymous_2)","decl":{"start":{"line":22,"column":1},"end":{"line":22,"column":2}},"loc":{"start":{"line":22,"column":11},"end":{"line":24,"column":2}},"line":22},"3":{"name":"(anonymous_3)","decl":{"start":{"line":28,"column":1},"end":{"line":28,"column":2}},"loc":{"start":{"line":28,"column":13},"end":{"line":30,"column":2}},"line":28},"4":{"name":"(anonymous_4)","decl":{"start":{"line":35,"column":1},"end":{"line":35,"column":2}},"loc":{"start":{"line":35,"column":19},"end":{"line":39,"column":2}},"line":35},"5":{"name":"(anonymous_5)","decl":{"start":{"line":44,"column":1},"end":{"line":44,"column":2}},"loc":{"start":{"line":44,"column":19},"end":{"line":55,"column":2}},"line":44},"6":{"name":"(anonymous_6)","decl":{"start":{"line":60,"column":1},"end":{"line":60,"column":2}},"loc":{"start":{"line":60,"column":20},"end":{"line":62,"column":2}},"line":60},"7":{"name":"(anonymous_7)","decl":{"start":{"line":68,"column":1},"end":{"line":68,"column":2}},"loc":{"start":{"line":68,"column":33},"end":{"line":76,"column":2}},"line":68},"8":{"name":"(anonymous_8)","decl":{"start":{"line":81,"column":1},"end":{"line":81,"column":2}},"loc":{"start":{"line":81,"column":24},"end":{"line":85,"column":2}},"line":81},"9":{"name":"(anonymous_9)","decl":{"start":{"line":93,"column":1},"end":{"line":93,"column":2}},"loc":{"start":{"line":93,"column":39},"end":{"line":118,"column":2}},"line":93},"10":{"name":"(anonymous_10)","decl":{"start":{"line":115,"column":37},"end":{"line":115,"column":38}},"loc":{"start":{"line":115,"column":51},"end":{"line":117,"column":9}},"line":115}},"branchMap":{"0":{"loc":{"start":{"line":36,"column":20},"end":{"line":36,"column":45}},"type":"binary-expr","locations":[{"start":{"line":36,"column":20},"end":{"line":36,"column":39}},{"start":{"line":36,"column":43},"end":{"line":36,"column":45}}],"line":36},"1":{"loc":{"start":{"line":36,"column":56},"end":{"line":36,"column":81}},"type":"binary-expr","locations":[{"start":{"line":36,"column":56},"end":{"line":36,"column":77}},{"start":{"line":36,"column":79},"end":{"line":36,"column":81}}],"line":36},"2":{"loc":{"start":{"line":38,"column":2},"end":{"line":38,"column":32}},"type":"binary-expr","locations":[{"start":{"line":38,"column":2},"end":{"line":38,"column":8}},{"start":{"line":38,"column":12},"end":{"line":38,"column":32}}],"line":38},"3":{"loc":{"start":{"line":51,"column":3},"end":{"line":52,"column":44}},"type":"binary-expr","locations":[{"start":{"line":51,"column":4},"end":{"line":51,"column":31}},{"start":{"line":52,"column":5},"end":{"line":52,"column":43}}],"line":51},"4":{"loc":{"start":{"line":61,"column":22},"end":{"line":61,"column":38}},"type":"cond-expr","locations":[{"start":{"line":61,"column":29},"end":{"line":61,"column":33}},{"start":{"line":61,"column":36},"end":{"line":61,"column":38}}],"line":61},"5":{"loc":{"start":{"line":69,"column":67},"end":{"line":69,"column":85}},"type":"cond-expr","locations":[{"start":{"line":69,"column":77},"end":{"line":69,"column":80}},{"start":{"line":69,"column":83},"end":{"line":69,"column":85}}],"line":69},"6":{"loc":{"start":{"line":71,"column":3},"end":{"line":71,"column":77}},"type":"binary-expr","locations":[{"start":{"line":71,"column":3},"end":{"line":71,"column":32}},{"start":{"line":71,"column":37},"end":{"line":71,"column":76}}],"line":71},"7":{"loc":{"start":{"line":72,"column":11},"end":{"line":72,"column":130}},"type":"cond-expr","locations":[{"start":{"line":72,"column":21},"end":{"line":72,"column":76}},{"start":{"line":72,"column":81},"end":{"line":72,"column":129}}],"line":72},"8":{"loc":{"start":{"line":84,"column":9},"end":{"line":84,"column":87}},"type":"cond-expr","locations":[{"start":{"line":84,"column":60},"end":{"line":84,"column":67}},{"start":{"line":84,"column":70},"end":{"line":84,"column":87}}],"line":84},"9":{"loc":{"start":{"line":84,"column":10},"end":{"line":84,"column":56}},"type":"binary-expr","locations":[{"start":{"line":84,"column":10},"end":{"line":84,"column":17}},{"start":{"line":84,"column":21},"end":{"line":84,"column":56}}],"line":84},"10":{"loc":{"start":{"line":95,"column":2},"end":{"line":96,"column":57}},"type":"binary-expr","locations":[{"start":{"line":95,"column":2},"end":{"line":95,"column":29}},{"start":{"line":95,"column":34},"end":{"line":95,"column":104}},{"start":{"line":96,"column":7},"end":{"line":96,"column":56}}],"line":95}},"s":{"0":1,"1":1,"2":1,"3":0,"4":0,"5":0,"6":0,"7":0,"8":0,"9":0,"10":0,"11":3,"12":3,"13":3,"14":3,"15":3,"16":18,"17":3,"18":0,"19":0,"20":0,"21":0,"22":0,"23":0,"24":0,"25":0,"26":0,"27":0,"28":0,"29":0,"30":0,"31":0,"32":0,"33":0,"34":0,"35":0,"36":0,"37":1},"f":{"0":1,"1":0,"2":0,"3":0,"4":0,"5":3,"6":0,"7":0,"8":0,"9":0,"10":0},"b":{"0":[0,0],"1":[0,0],"2":[0,0],"3":[18,18],"4":[0,0],"5":[0,0],"6":[0,0],"7":[0,0],"8":[0,0],"9":[0,0],"10":[0,0,0]},"_coverageSchema":"332fd63041d2c1bcb487cc26dd0d5f7d97098a6c","hash":"04e21c14c945e9ccba99a3857749d9d941a5752b"}
,"/Users/oliver/Documents/Projects/JS/demon/utils/CookieHelp.js": {"path":"/Users/oliver/Documents/Projects/JS/demon/utils/CookieHelp.js","statementMap":{"0":{"start":{"line":5,"column":17},"end":{"line":102,"column":1}},"1":{"start":{"line":11,"column":2},"end":{"line":13,"column":3}},"2":{"start":{"line":12,"column":3},"end":{"line":12,"column":50}},"3":{"start":{"line":14,"column":2},"end":{"line":14,"column":20}},"4":{"start":{"line":15,"column":2},"end":{"line":15,"column":23}},"5":{"start":{"line":23,"column":2},"end":{"line":36,"column":3}},"6":{"start":{"line":24,"column":15},"end":{"line":24,"column":42}},"7":{"start":{"line":25,"column":3},"end":{"line":33,"column":4}},"8":{"start":{"line":26,"column":4},"end":{"line":26,"column":25}},"9":{"start":{"line":28,"column":4},"end":{"line":32,"column":5}},"10":{"start":{"line":29,"column":5},"end":{"line":29,"column":39}},"11":{"start":{"line":31,"column":5},"end":{"line":31,"column":59}},"12":{"start":{"line":35,"column":3},"end":{"line":35,"column":65}},"13":{"start":{"line":45,"column":2},"end":{"line":45,"column":63}},"14":{"start":{"line":46,"column":2},"end":{"line":46,"column":59}},"15":{"start":{"line":49,"column":2},"end":{"line":49,"column":36}},"16":{"start":{"line":56,"column":2},"end":{"line":69,"column":3}},"17":{"start":{"line":57,"column":17},"end":{"line":57,"column":58}},"18":{"start":{"line":58,"column":3},"end":{"line":68,"column":4}},"19":{"start":{"line":59,"column":20},"end":{"line":59,"column":35}},"20":{"start":{"line":60,"column":4},"end":{"line":60,"column":63}},"21":{"start":{"line":61,"column":16},"end":{"line":61,"column":38}},"22":{"start":{"line":62,"column":4},"end":{"line":62,"column":36}},"23":{"start":{"line":63,"column":4},"end":{"line":65,"column":5}},"24":{"start":{"line":64,"column":5},"end":{"line":64,"column":30}},"25":{"start":{"line":66,"column":16},"end":{"line":66,"column":51}},"26":{"start":{"line":67,"column":4},"end":{"line":67,"column":28}},"27":{"start":{"line":70,"column":2},"end":{"line":70,"column":14}},"28":{"start":{"line":73,"column":2},"end":{"line":73,"column":53}},"29":{"start":{"line":74,"column":2},"end":{"line":74,"column":28}},"30":{"start":{"line":77,"column":10},"end":{"line":77,"column":12}},"31":{"start":{"line":78,"column":2},"end":{"line":82,"column":3}},"32":{"start":{"line":79,"column":3},"end":{"line":79,"column":13}},"33":{"start":{"line":81,"column":3},"end":{"line":81,"column":28}},"34":{"start":{"line":84,"column":2},"end":{"line":86,"column":60}},"35":{"start":{"line":87,"column":13},"end":{"line":87,"column":50}},"36":{"start":{"line":88,"column":12},"end":{"line":88,"column":22}},"37":{"start":{"line":89,"column":2},"end":{"line":89,"column":58}},"38":{"start":{"line":90,"column":2},"end":{"line":90,"column":91}},"39":{"start":{"line":95,"column":13},"end":{"line":95,"column":52}},"40":{"start":{"line":96,"column":2},"end":{"line":100,"column":3}},"41":{"start":{"line":97,"column":3},"end":{"line":99,"column":4}},"42":{"start":{"line":98,"column":4},"end":{"line":98,"column":73}},"43":{"start":{"line":103,"column":0},"end":{"line":103,"column":28}}},"fnMap":{},"branchMap":{"0":{"loc":{"start":{"line":11,"column":2},"end":{"line":13,"column":3}},"type":"if","locations":[{"start":{"line":11,"column":2},"end":{"line":13,"column":3}},{"start":{"line":11,"column":2},"end":{"line":13,"column":3}}],"line":11},"1":{"loc":{"start":{"line":23,"column":2},"end":{"line":36,"column":3}},"type":"if","locations":[{"start":{"line":23,"column":2},"end":{"line":36,"column":3}},{"start":{"line":23,"column":2},"end":{"line":36,"column":3}}],"line":23},"2":{"loc":{"start":{"line":25,"column":3},"end":{"line":33,"column":4}},"type":"if","locations":[{"start":{"line":25,"column":3},"end":{"line":33,"column":4}},{"start":{"line":25,"column":3},"end":{"line":33,"column":4}}],"line":25},"3":{"loc":{"start":{"line":25,"column":7},"end":{"line":25,"column":41}},"type":"binary-expr","locations":[{"start":{"line":25,"column":7},"end":{"line":25,"column":31}},{"start":{"line":25,"column":35},"end":{"line":25,"column":41}}],"line":25},"4":{"loc":{"start":{"line":35,"column":19},"end":{"line":35,"column":64}},"type":"cond-expr","locations":[{"start":{"line":35,"column":49},"end":{"line":35,"column":57}},{"start":{"line":35,"column":60},"end":{"line":35,"column":64}}],"line":35},"5":{"loc":{"start":{"line":56,"column":2},"end":{"line":69,"column":3}},"type":"if","locations":[{"start":{"line":56,"column":2},"end":{"line":69,"column":3}},{"start":{"line":56,"column":2},"end":{"line":69,"column":3}}],"line":56},"6":{"loc":{"start":{"line":58,"column":3},"end":{"line":68,"column":4}},"type":"if","locations":[{"start":{"line":58,"column":3},"end":{"line":68,"column":4}},{"start":{"line":58,"column":3},"end":{"line":68,"column":4}}],"line":58},"7":{"loc":{"start":{"line":63,"column":4},"end":{"line":65,"column":5}},"type":"if","locations":[{"start":{"line":63,"column":4},"end":{"line":65,"column":5}},{"start":{"line":63,"column":4},"end":{"line":65,"column":5}}],"line":63},"8":{"loc":{"start":{"line":73,"column":23},"end":{"line":73,"column":52}},"type":"binary-expr","locations":[{"start":{"line":73,"column":23},"end":{"line":73,"column":30}},{"start":{"line":73,"column":34},"end":{"line":73,"column":52}}],"line":73},"9":{"loc":{"start":{"line":78,"column":2},"end":{"line":82,"column":3}},"type":"if","locations":[{"start":{"line":78,"column":2},"end":{"line":82,"column":3}},{"start":{"line":78,"column":2},"end":{"line":82,"column":3}}],"line":78},"10":{"loc":{"start":{"line":84,"column":2},"end":{"line":86,"column":59}},"type":"cond-expr","locations":[{"start":{"line":84,"column":19},"end":{"line":86,"column":49}},{"start":{"line":86,"column":53},"end":{"line":86,"column":59}}],"line":84},"11":{"loc":{"start":{"line":87,"column":13},"end":{"line":87,"column":50}},"type":"cond-expr","locations":[{"start":{"line":87,"column":40},"end":{"line":87,"column":44}},{"start":{"line":87,"column":47},"end":{"line":87,"column":50}}],"line":87},"12":{"loc":{"start":{"line":96,"column":2},"end":{"line":100,"column":3}},"type":"if","locations":[{"start":{"line":96,"column":2},"end":{"line":100,"column":3}},{"start":{"line":96,"column":2},"end":{"line":100,"column":3}}],"line":96}},"s":{"0":2,"1":4,"2":2,"3":4,"4":4,"5":4,"6":2,"7":2,"8":1,"9":1,"10":1,"11":0,"12":2,"13":2,"14":2,"15":1,"16":8,"17":3,"18":3,"19":3,"20":3,"21":3,"22":3,"23":3,"24":3,"25":3,"26":3,"27":5,"28":7,"29":7,"30":10,"31":10,"32":5,"33":5,"34":10,"35":10,"36":10,"37":10,"38":10,"39":2,"40":2,"41":1,"42":2,"43":2},"f":{},"b":{"0":[2,2],"1":[2,2],"2":[1,1],"3":[2,2],"4":[1,1],"5":[3,5],"6":[3,0],"7":[3,0],"8":[7,7],"9":[5,5],"10":[10,0],"11":[5,5],"12":[1,1]},"_coverageSchema":"332fd63041d2c1bcb487cc26dd0d5f7d97098a6c","hash":"e6de645d67779123f71922831190c1496d8e6c5c"}
,"/Users/oliver/Documents/Projects/JS/demon/utils/Des.js": {"path":"/Users/oliver/Documents/Projects/JS/demon/utils/Des.js","statementMap":{"0":{"start":{"line":6,"column":12},"end":{"line":6,"column":23}},"1":{"start":{"line":7,"column":15},"end":{"line":7,"column":17}},"2":{"start":{"line":9,"column":1},"end":{"line":12,"column":2}},"3":{"start":{"line":10,"column":2},"end":{"line":10,"column":37}},"4":{"start":{"line":11,"column":2},"end":{"line":11,"column":34}},"5":{"start":{"line":13,"column":1},"end":{"line":16,"column":2}},"6":{"start":{"line":14,"column":2},"end":{"line":14,"column":39}},"7":{"start":{"line":15,"column":2},"end":{"line":15,"column":36}},"8":{"start":{"line":17,"column":1},"end":{"line":20,"column":2}},"9":{"start":{"line":18,"column":2},"end":{"line":18,"column":37}},"10":{"start":{"line":19,"column":2},"end":{"line":19,"column":34}},"11":{"start":{"line":22,"column":1},"end":{"line":158,"column":2}},"12":{"start":{"line":23,"column":2},"end":{"line":157,"column":3}},"13":{"start":{"line":24,"column":12},"end":{"line":24,"column":25}},"14":{"start":{"line":26,"column":3},"end":{"line":63,"column":4}},"15":{"start":{"line":29,"column":4},"end":{"line":29,"column":16}},"16":{"start":{"line":30,"column":4},"end":{"line":32,"column":5}},"17":{"start":{"line":31,"column":5},"end":{"line":31,"column":41}},"18":{"start":{"line":33,"column":4},"end":{"line":35,"column":5}},"19":{"start":{"line":34,"column":5},"end":{"line":34,"column":42}},"20":{"start":{"line":36,"column":4},"end":{"line":38,"column":5}},"21":{"start":{"line":37,"column":5},"end":{"line":37,"column":41}},"22":{"start":{"line":39,"column":4},"end":{"line":39,"column":21}},"23":{"start":{"line":41,"column":4},"end":{"line":62,"column":5}},"24":{"start":{"line":44,"column":5},"end":{"line":44,"column":17}},"25":{"start":{"line":45,"column":5},"end":{"line":47,"column":6}},"26":{"start":{"line":46,"column":6},"end":{"line":46,"column":42}},"27":{"start":{"line":48,"column":5},"end":{"line":50,"column":6}},"28":{"start":{"line":49,"column":6},"end":{"line":49,"column":43}},"29":{"start":{"line":51,"column":5},"end":{"line":51,"column":22}},"30":{"start":{"line":53,"column":5},"end":{"line":61,"column":6}},"31":{"start":{"line":55,"column":14},"end":{"line":55,"column":15}},"32":{"start":{"line":56,"column":6},"end":{"line":56,"column":18}},"33":{"start":{"line":57,"column":6},"end":{"line":59,"column":7}},"34":{"start":{"line":58,"column":7},"end":{"line":58,"column":43}},"35":{"start":{"line":60,"column":6},"end":{"line":60,"column":23}},"36":{"start":{"line":64,"column":3},"end":{"line":64,"column":32}},"37":{"start":{"line":66,"column":18},"end":{"line":66,"column":36}},"38":{"start":{"line":67,"column":19},"end":{"line":67,"column":27}},"39":{"start":{"line":68,"column":11},"end":{"line":68,"column":12}},"40":{"start":{"line":69,"column":3},"end":{"line":112,"column":4}},"41":{"start":{"line":70,"column":19},"end":{"line":70,"column":55}},"42":{"start":{"line":71,"column":19},"end":{"line":71,"column":36}},"43":{"start":{"line":73,"column":4},"end":{"line":110,"column":5}},"44":{"start":{"line":76,"column":5},"end":{"line":76,"column":23}},"45":{"start":{"line":77,"column":5},"end":{"line":79,"column":6}},"46":{"start":{"line":78,"column":6},"end":{"line":78,"column":42}},"47":{"start":{"line":80,"column":5},"end":{"line":82,"column":6}},"48":{"start":{"line":81,"column":6},"end":{"line":81,"column":43}},"49":{"start":{"line":83,"column":5},"end":{"line":85,"column":6}},"50":{"start":{"line":84,"column":6},"end":{"line":84,"column":42}},"51":{"start":{"line":86,"column":5},"end":{"line":86,"column":22}},"52":{"start":{"line":88,"column":5},"end":{"line":109,"column":6}},"53":{"start":{"line":91,"column":6},"end":{"line":91,"column":24}},"54":{"start":{"line":92,"column":6},"end":{"line":94,"column":7}},"55":{"start":{"line":93,"column":7},"end":{"line":93,"column":43}},"56":{"start":{"line":95,"column":6},"end":{"line":97,"column":7}},"57":{"start":{"line":96,"column":7},"end":{"line":96,"column":44}},"58":{"start":{"line":98,"column":6},"end":{"line":98,"column":23}},"59":{"start":{"line":100,"column":6},"end":{"line":108,"column":7}},"60":{"start":{"line":103,"column":7},"end":{"line":103,"column":25}},"61":{"start":{"line":104,"column":7},"end":{"line":106,"column":8}},"62":{"start":{"line":105,"column":8},"end":{"line":105,"column":44}},"63":{"start":{"line":107,"column":7},"end":{"line":107,"column":24}},"64":{"start":{"line":111,"column":4},"end":{"line":111,"column":34}},"65":{"start":{"line":113,"column":3},"end":{"line":156,"column":4}},"66":{"start":{"line":114,"column":24},"end":{"line":114,"column":62}},"67":{"start":{"line":115,"column":19},"end":{"line":115,"column":41}},"68":{"start":{"line":117,"column":4},"end":{"line":154,"column":5}},"69":{"start":{"line":120,"column":5},"end":{"line":120,"column":23}},"70":{"start":{"line":121,"column":5},"end":{"line":123,"column":6}},"71":{"start":{"line":122,"column":6},"end":{"line":122,"column":42}},"72":{"start":{"line":124,"column":5},"end":{"line":126,"column":6}},"73":{"start":{"line":125,"column":6},"end":{"line":125,"column":43}},"74":{"start":{"line":127,"column":5},"end":{"line":129,"column":6}},"75":{"start":{"line":128,"column":6},"end":{"line":128,"column":42}},"76":{"start":{"line":130,"column":5},"end":{"line":130,"column":22}},"77":{"start":{"line":132,"column":5},"end":{"line":153,"column":6}},"78":{"start":{"line":135,"column":6},"end":{"line":135,"column":24}},"79":{"start":{"line":136,"column":6},"end":{"line":138,"column":7}},"80":{"start":{"line":137,"column":7},"end":{"line":137,"column":43}},"81":{"start":{"line":139,"column":6},"end":{"line":141,"column":7}},"82":{"start":{"line":140,"column":7},"end":{"line":140,"column":44}},"83":{"start":{"line":142,"column":6},"end":{"line":142,"column":23}},"84":{"start":{"line":144,"column":6},"end":{"line":152,"column":7}},"85":{"start":{"line":147,"column":7},"end":{"line":147,"column":25}},"86":{"start":{"line":148,"column":7},"end":{"line":150,"column":8}},"87":{"start":{"line":149,"column":8},"end":{"line":149,"column":44}},"88":{"start":{"line":151,"column":7},"end":{"line":151,"column":24}},"89":{"start":{"line":155,"column":4},"end":{"line":155,"column":34}},"90":{"start":{"line":159,"column":1},"end":{"line":159,"column":16}},"91":{"start":{"line":168,"column":12},"end":{"line":168,"column":23}},"92":{"start":{"line":169,"column":14},"end":{"line":169,"column":16}},"93":{"start":{"line":171,"column":1},"end":{"line":174,"column":2}},"94":{"start":{"line":172,"column":2},"end":{"line":172,"column":37}},"95":{"start":{"line":173,"column":2},"end":{"line":173,"column":34}},"96":{"start":{"line":175,"column":1},"end":{"line":178,"column":2}},"97":{"start":{"line":176,"column":2},"end":{"line":176,"column":39}},"98":{"start":{"line":177,"column":2},"end":{"line":177,"column":36}},"99":{"start":{"line":179,"column":1},"end":{"line":182,"column":2}},"100":{"start":{"line":180,"column":2},"end":{"line":180,"column":37}},"101":{"start":{"line":181,"column":2},"end":{"line":181,"column":34}},"102":{"start":{"line":184,"column":16},"end":{"line":184,"column":35}},"103":{"start":{"line":185,"column":9},"end":{"line":185,"column":10}},"104":{"start":{"line":186,"column":1},"end":{"line":234,"column":2}},"105":{"start":{"line":187,"column":17},"end":{"line":187,"column":56}},"106":{"start":{"line":188,"column":16},"end":{"line":188,"column":35}},"107":{"start":{"line":189,"column":16},"end":{"line":189,"column":29}},"108":{"start":{"line":190,"column":10},"end":{"line":190,"column":11}},"109":{"start":{"line":191,"column":2},"end":{"line":193,"column":3}},"110":{"start":{"line":192,"column":3},"end":{"line":192,"column":54}},"111":{"start":{"line":195,"column":2},"end":{"line":232,"column":3}},"112":{"start":{"line":198,"column":3},"end":{"line":198,"column":20}},"113":{"start":{"line":199,"column":3},"end":{"line":201,"column":4}},"114":{"start":{"line":200,"column":4},"end":{"line":200,"column":40}},"115":{"start":{"line":202,"column":3},"end":{"line":204,"column":4}},"116":{"start":{"line":203,"column":4},"end":{"line":203,"column":41}},"117":{"start":{"line":205,"column":3},"end":{"line":207,"column":4}},"118":{"start":{"line":206,"column":4},"end":{"line":206,"column":40}},"119":{"start":{"line":208,"column":3},"end":{"line":208,"column":20}},"120":{"start":{"line":210,"column":3},"end":{"line":231,"column":4}},"121":{"start":{"line":213,"column":4},"end":{"line":213,"column":21}},"122":{"start":{"line":214,"column":4},"end":{"line":216,"column":5}},"123":{"start":{"line":215,"column":5},"end":{"line":215,"column":42}},"124":{"start":{"line":217,"column":4},"end":{"line":219,"column":5}},"125":{"start":{"line":218,"column":5},"end":{"line":218,"column":41}},"126":{"start":{"line":220,"column":4},"end":{"line":220,"column":21}},"127":{"start":{"line":222,"column":4},"end":{"line":230,"column":5}},"128":{"start":{"line":225,"column":5},"end":{"line":225,"column":22}},"129":{"start":{"line":226,"column":5},"end":{"line":228,"column":6}},"130":{"start":{"line":227,"column":6},"end":{"line":227,"column":42}},"131":{"start":{"line":229,"column":5},"end":{"line":229,"column":22}},"132":{"start":{"line":233,"column":2},"end":{"line":233,"column":34}},"133":{"start":{"line":235,"column":1},"end":{"line":235,"column":15}},"134":{"start":{"line":243,"column":16},"end":{"line":243,"column":27}},"135":{"start":{"line":244,"column":12},"end":{"line":244,"column":22}},"136":{"start":{"line":245,"column":16},"end":{"line":245,"column":34}},"137":{"start":{"line":246,"column":17},"end":{"line":246,"column":25}},"138":{"start":{"line":247,"column":9},"end":{"line":247,"column":10}},"139":{"start":{"line":248,"column":1},"end":{"line":250,"column":2}},"140":{"start":{"line":249,"column":2},"end":{"line":249,"column":61}},"141":{"start":{"line":251,"column":1},"end":{"line":253,"column":2}},"142":{"start":{"line":252,"column":2},"end":{"line":252,"column":56}},"143":{"start":{"line":254,"column":1},"end":{"line":254,"column":17}},"144":{"start":{"line":263,"column":12},"end":{"line":263,"column":22}},"145":{"start":{"line":264,"column":10},"end":{"line":264,"column":23}},"146":{"start":{"line":265,"column":1},"end":{"line":298,"column":2}},"147":{"start":{"line":266,"column":10},"end":{"line":266,"column":11}},"148":{"start":{"line":266,"column":17},"end":{"line":266,"column":18}},"149":{"start":{"line":266,"column":24},"end":{"line":266,"column":25}},"150":{"start":{"line":266,"column":31},"end":{"line":266,"column":32}},"151":{"start":{"line":267,"column":2},"end":{"line":276,"column":3}},"152":{"start":{"line":268,"column":11},"end":{"line":268,"column":28}},"153":{"start":{"line":269,"column":3},"end":{"line":275,"column":4}},"154":{"start":{"line":270,"column":14},"end":{"line":270,"column":15}},"155":{"start":{"line":270,"column":21},"end":{"line":270,"column":22}},"156":{"start":{"line":271,"column":4},"end":{"line":273,"column":5}},"157":{"start":{"line":272,"column":5},"end":{"line":272,"column":14}},"158":{"start":{"line":274,"column":4},"end":{"line":274,"column":43}},"159":{"start":{"line":277,"column":2},"end":{"line":286,"column":3}},"160":{"start":{"line":278,"column":11},"end":{"line":278,"column":12}},"161":{"start":{"line":279,"column":3},"end":{"line":285,"column":4}},"162":{"start":{"line":280,"column":14},"end":{"line":280,"column":15}},"163":{"start":{"line":280,"column":21},"end":{"line":280,"column":22}},"164":{"start":{"line":281,"column":4},"end":{"line":283,"column":5}},"165":{"start":{"line":282,"column":5},"end":{"line":282,"column":14}},"166":{"start":{"line":284,"column":4},"end":{"line":284,"column":43}},"167":{"start":{"line":288,"column":2},"end":{"line":297,"column":3}},"168":{"start":{"line":289,"column":11},"end":{"line":289,"column":28}},"169":{"start":{"line":290,"column":3},"end":{"line":296,"column":4}},"170":{"start":{"line":291,"column":14},"end":{"line":291,"column":15}},"171":{"start":{"line":292,"column":4},"end":{"line":294,"column":5}},"172":{"start":{"line":293,"column":5},"end":{"line":293,"column":14}},"173":{"start":{"line":295,"column":4},"end":{"line":295,"column":43}},"174":{"start":{"line":299,"column":1},"end":{"line":299,"column":11}},"175":{"start":{"line":309,"column":1},"end":{"line":326,"column":2}},"176":{"start":{"line":310,"column":15},"end":{"line":310,"column":25}},"177":{"start":{"line":310,"column":26},"end":{"line":310,"column":32}},"178":{"start":{"line":311,"column":15},"end":{"line":311,"column":25}},"179":{"start":{"line":311,"column":26},"end":{"line":311,"column":32}},"180":{"start":{"line":312,"column":15},"end":{"line":312,"column":25}},"181":{"start":{"line":312,"column":26},"end":{"line":312,"column":32}},"182":{"start":{"line":313,"column":15},"end":{"line":313,"column":25}},"183":{"start":{"line":313,"column":26},"end":{"line":313,"column":32}},"184":{"start":{"line":314,"column":15},"end":{"line":314,"column":25}},"185":{"start":{"line":314,"column":26},"end":{"line":314,"column":32}},"186":{"start":{"line":315,"column":15},"end":{"line":315,"column":25}},"187":{"start":{"line":315,"column":26},"end":{"line":315,"column":32}},"188":{"start":{"line":316,"column":15},"end":{"line":316,"column":25}},"189":{"start":{"line":316,"column":26},"end":{"line":316,"column":32}},"190":{"start":{"line":317,"column":15},"end":{"line":317,"column":25}},"191":{"start":{"line":317,"column":26},"end":{"line":317,"column":32}},"192":{"start":{"line":318,"column":15},"end":{"line":318,"column":25}},"193":{"start":{"line":318,"column":26},"end":{"line":318,"column":32}},"194":{"start":{"line":319,"column":15},"end":{"line":319,"column":25}},"195":{"start":{"line":319,"column":26},"end":{"line":319,"column":32}},"196":{"start":{"line":320,"column":15},"end":{"line":320,"column":25}},"197":{"start":{"line":320,"column":26},"end":{"line":320,"column":32}},"198":{"start":{"line":321,"column":15},"end":{"line":321,"column":25}},"199":{"start":{"line":321,"column":26},"end":{"line":321,"column":32}},"200":{"start":{"line":322,"column":15},"end":{"line":322,"column":25}},"201":{"start":{"line":322,"column":26},"end":{"line":322,"column":32}},"202":{"start":{"line":323,"column":15},"end":{"line":323,"column":25}},"203":{"start":{"line":323,"column":26},"end":{"line":323,"column":32}},"204":{"start":{"line":324,"column":15},"end":{"line":324,"column":25}},"205":{"start":{"line":324,"column":26},"end":{"line":324,"column":32}},"206":{"start":{"line":325,"column":15},"end":{"line":325,"column":25}},"207":{"start":{"line":325,"column":26},"end":{"line":325,"column":32}},"208":{"start":{"line":327,"column":1},"end":{"line":327,"column":12}},"209":{"start":{"line":337,"column":1},"end":{"line":354,"column":2}},"210":{"start":{"line":338,"column":12},"end":{"line":338,"column":28}},"211":{"start":{"line":338,"column":29},"end":{"line":338,"column":35}},"212":{"start":{"line":339,"column":12},"end":{"line":339,"column":28}},"213":{"start":{"line":339,"column":29},"end":{"line":339,"column":35}},"214":{"start":{"line":340,"column":12},"end":{"line":340,"column":28}},"215":{"start":{"line":340,"column":29},"end":{"line":340,"column":35}},"216":{"start":{"line":341,"column":12},"end":{"line":341,"column":28}},"217":{"start":{"line":341,"column":29},"end":{"line":341,"column":35}},"218":{"start":{"line":342,"column":12},"end":{"line":342,"column":28}},"219":{"start":{"line":342,"column":29},"end":{"line":342,"column":35}},"220":{"start":{"line":343,"column":12},"end":{"line":343,"column":28}},"221":{"start":{"line":343,"column":29},"end":{"line":343,"column":35}},"222":{"start":{"line":344,"column":12},"end":{"line":344,"column":28}},"223":{"start":{"line":344,"column":29},"end":{"line":344,"column":35}},"224":{"start":{"line":345,"column":12},"end":{"line":345,"column":28}},"225":{"start":{"line":345,"column":29},"end":{"line":345,"column":35}},"226":{"start":{"line":346,"column":12},"end":{"line":346,"column":28}},"227":{"start":{"line":346,"column":29},"end":{"line":346,"column":35}},"228":{"start":{"line":347,"column":12},"end":{"line":347,"column":28}},"229":{"start":{"line":347,"column":29},"end":{"line":347,"column":35}},"230":{"start":{"line":348,"column":12},"end":{"line":348,"column":28}},"231":{"start":{"line":348,"column":29},"end":{"line":348,"column":35}},"232":{"start":{"line":349,"column":12},"end":{"line":349,"column":28}},"233":{"start":{"line":349,"column":29},"end":{"line":349,"column":35}},"234":{"start":{"line":350,"column":12},"end":{"line":350,"column":28}},"235":{"start":{"line":350,"column":29},"end":{"line":350,"column":35}},"236":{"start":{"line":351,"column":12},"end":{"line":351,"column":28}},"237":{"start":{"line":351,"column":29},"end":{"line":351,"column":35}},"238":{"start":{"line":352,"column":12},"end":{"line":352,"column":28}},"239":{"start":{"line":352,"column":29},"end":{"line":352,"column":35}},"240":{"start":{"line":353,"column":12},"end":{"line":353,"column":28}},"241":{"start":{"line":353,"column":29},"end":{"line":353,"column":35}},"242":{"start":{"line":355,"column":1},"end":{"line":355,"column":15}},"243":{"start":{"line":364,"column":11},"end":{"line":364,"column":13}},"244":{"start":{"line":365,"column":1},"end":{"line":377,"column":2}},"245":{"start":{"line":366,"column":14},"end":{"line":366,"column":15}},"246":{"start":{"line":367,"column":2},"end":{"line":373,"column":3}},"247":{"start":{"line":368,"column":13},"end":{"line":368,"column":14}},"248":{"start":{"line":369,"column":3},"end":{"line":371,"column":4}},"249":{"start":{"line":370,"column":4},"end":{"line":370,"column":13}},"250":{"start":{"line":372,"column":3},"end":{"line":372,"column":39}},"251":{"start":{"line":374,"column":2},"end":{"line":376,"column":3}},"252":{"start":{"line":375,"column":3},"end":{"line":375,"column":37}},"253":{"start":{"line":378,"column":1},"end":{"line":378,"column":12}},"254":{"start":{"line":382,"column":11},"end":{"line":382,"column":13}},"255":{"start":{"line":383,"column":1},"end":{"line":389,"column":2}},"256":{"start":{"line":384,"column":11},"end":{"line":384,"column":13}},"257":{"start":{"line":385,"column":2},"end":{"line":387,"column":3}},"258":{"start":{"line":386,"column":3},"end":{"line":386,"column":29}},"259":{"start":{"line":388,"column":2},"end":{"line":388,"column":22}},"260":{"start":{"line":390,"column":1},"end":{"line":390,"column":12}},"261":{"start":{"line":394,"column":14},"end":{"line":394,"column":16}},"262":{"start":{"line":395,"column":1},"end":{"line":397,"column":2}},"263":{"start":{"line":396,"column":2},"end":{"line":396,"column":46}},"264":{"start":{"line":398,"column":1},"end":{"line":398,"column":15}},"265":{"start":{"line":406,"column":12},"end":{"line":406,"column":33}},"266":{"start":{"line":407,"column":14},"end":{"line":407,"column":35}},"267":{"start":{"line":408,"column":14},"end":{"line":408,"column":27}},"268":{"start":{"line":409,"column":15},"end":{"line":409,"column":28}},"269":{"start":{"line":410,"column":16},"end":{"line":410,"column":29}},"270":{"start":{"line":411,"column":9},"end":{"line":411,"column":10}},"271":{"start":{"line":411,"column":16},"end":{"line":411,"column":17}},"272":{"start":{"line":411,"column":23},"end":{"line":411,"column":24}},"273":{"start":{"line":411,"column":30},"end":{"line":411,"column":31}},"274":{"start":{"line":411,"column":37},"end":{"line":411,"column":38}},"275":{"start":{"line":412,"column":1},"end":{"line":415,"column":2}},"276":{"start":{"line":413,"column":2},"end":{"line":413,"column":24}},"277":{"start":{"line":414,"column":2},"end":{"line":414,"column":30}},"278":{"start":{"line":416,"column":1},"end":{"line":430,"column":2}},"279":{"start":{"line":417,"column":2},"end":{"line":420,"column":3}},"280":{"start":{"line":418,"column":3},"end":{"line":418,"column":27}},"281":{"start":{"line":419,"column":3},"end":{"line":419,"column":26}},"282":{"start":{"line":421,"column":12},"end":{"line":421,"column":25}},"283":{"start":{"line":422,"column":2},"end":{"line":424,"column":3}},"284":{"start":{"line":423,"column":3},"end":{"line":423,"column":23}},"285":{"start":{"line":425,"column":18},"end":{"line":425,"column":88}},"286":{"start":{"line":426,"column":2},"end":{"line":428,"column":3}},"287":{"start":{"line":427,"column":3},"end":{"line":427,"column":29}},"288":{"start":{"line":433,"column":17},"end":{"line":433,"column":30}},"289":{"start":{"line":434,"column":1},"end":{"line":437,"column":2}},"290":{"start":{"line":435,"column":2},"end":{"line":435,"column":28}},"291":{"start":{"line":436,"column":2},"end":{"line":436,"column":32}},"292":{"start":{"line":438,"column":1},"end":{"line":438,"column":34}},"293":{"start":{"line":442,"column":12},"end":{"line":442,"column":33}},"294":{"start":{"line":443,"column":14},"end":{"line":443,"column":35}},"295":{"start":{"line":444,"column":14},"end":{"line":444,"column":27}},"296":{"start":{"line":445,"column":15},"end":{"line":445,"column":28}},"297":{"start":{"line":446,"column":16},"end":{"line":446,"column":29}},"298":{"start":{"line":447,"column":9},"end":{"line":447,"column":10}},"299":{"start":{"line":447,"column":16},"end":{"line":447,"column":17}},"300":{"start":{"line":447,"column":23},"end":{"line":447,"column":24}},"301":{"start":{"line":447,"column":30},"end":{"line":447,"column":31}},"302":{"start":{"line":447,"column":37},"end":{"line":447,"column":38}},"303":{"start":{"line":448,"column":1},"end":{"line":451,"column":2}},"304":{"start":{"line":449,"column":2},"end":{"line":449,"column":24}},"305":{"start":{"line":450,"column":2},"end":{"line":450,"column":30}},"306":{"start":{"line":452,"column":1},"end":{"line":466,"column":2}},"307":{"start":{"line":453,"column":2},"end":{"line":456,"column":3}},"308":{"start":{"line":454,"column":3},"end":{"line":454,"column":27}},"309":{"start":{"line":455,"column":3},"end":{"line":455,"column":26}},"310":{"start":{"line":457,"column":12},"end":{"line":457,"column":25}},"311":{"start":{"line":458,"column":2},"end":{"line":460,"column":3}},"312":{"start":{"line":459,"column":3},"end":{"line":459,"column":23}},"313":{"start":{"line":462,"column":18},"end":{"line":462,"column":88}},"314":{"start":{"line":463,"column":2},"end":{"line":465,"column":3}},"315":{"start":{"line":464,"column":3},"end":{"line":464,"column":29}},"316":{"start":{"line":469,"column":17},"end":{"line":469,"column":30}},"317":{"start":{"line":470,"column":1},"end":{"line":473,"column":2}},"318":{"start":{"line":471,"column":2},"end":{"line":471,"column":28}},"319":{"start":{"line":472,"column":2},"end":{"line":472,"column":32}},"320":{"start":{"line":474,"column":1},"end":{"line":474,"column":34}},"321":{"start":{"line":478,"column":14},"end":{"line":478,"column":27}},"322":{"start":{"line":479,"column":1},"end":{"line":484,"column":2}},"323":{"start":{"line":480,"column":2},"end":{"line":483,"column":3}},"324":{"start":{"line":481,"column":3},"end":{"line":481,"column":47}},"325":{"start":{"line":482,"column":3},"end":{"line":482,"column":52}},"326":{"start":{"line":485,"column":1},"end":{"line":485,"column":15}},"327":{"start":{"line":489,"column":14},"end":{"line":489,"column":27}},"328":{"start":{"line":490,"column":1},"end":{"line":505,"column":2}},"329":{"start":{"line":491,"column":2},"end":{"line":495,"column":3}},"330":{"start":{"line":492,"column":3},"end":{"line":492,"column":37}},"331":{"start":{"line":494,"column":3},"end":{"line":494,"column":44}},"332":{"start":{"line":496,"column":2},"end":{"line":496,"column":43}},"333":{"start":{"line":497,"column":2},"end":{"line":497,"column":43}},"334":{"start":{"line":498,"column":2},"end":{"line":498,"column":43}},"335":{"start":{"line":499,"column":2},"end":{"line":499,"column":43}},"336":{"start":{"line":500,"column":2},"end":{"line":504,"column":3}},"337":{"start":{"line":501,"column":3},"end":{"line":501,"column":36}},"338":{"start":{"line":503,"column":3},"end":{"line":503,"column":44}},"339":{"start":{"line":506,"column":1},"end":{"line":506,"column":15}},"340":{"start":{"line":510,"column":15},"end":{"line":510,"column":40}},"341":{"start":{"line":511,"column":1},"end":{"line":513,"column":2}},"342":{"start":{"line":512,"column":2},"end":{"line":512,"column":39}},"343":{"start":{"line":514,"column":1},"end":{"line":514,"column":16}},"344":{"start":{"line":519,"column":16},"end":{"line":519,"column":29}},"345":{"start":{"line":520,"column":14},"end":{"line":520,"column":16}},"346":{"start":{"line":521,"column":10},"end":{"line":525,"column":57}},"347":{"start":{"line":528,"column":10},"end":{"line":532,"column":57}},"348":{"start":{"line":535,"column":10},"end":{"line":539,"column":57}},"349":{"start":{"line":541,"column":10},"end":{"line":545,"column":57}},"350":{"start":{"line":548,"column":10},"end":{"line":552,"column":57}},"351":{"start":{"line":555,"column":10},"end":{"line":559,"column":57}},"352":{"start":{"line":562,"column":10},"end":{"line":566,"column":57}},"353":{"start":{"line":569,"column":10},"end":{"line":573,"column":57}},"354":{"start":{"line":575,"column":1},"end":{"line":612,"column":2}},"355":{"start":{"line":576,"column":10},"end":{"line":576,"column":11}},"356":{"start":{"line":576,"column":17},"end":{"line":576,"column":18}},"357":{"start":{"line":577,"column":2},"end":{"line":577,"column":56}},"358":{"start":{"line":578,"column":2},"end":{"line":581,"column":27}},"359":{"start":{"line":582,"column":2},"end":{"line":607,"column":3}},"360":{"start":{"line":584,"column":4},"end":{"line":584,"column":36}},"361":{"start":{"line":585,"column":4},"end":{"line":585,"column":10}},"362":{"start":{"line":587,"column":4},"end":{"line":587,"column":36}},"363":{"start":{"line":588,"column":4},"end":{"line":588,"column":10}},"364":{"start":{"line":590,"column":4},"end":{"line":590,"column":36}},"365":{"start":{"line":591,"column":4},"end":{"line":591,"column":10}},"366":{"start":{"line":593,"column":4},"end":{"line":593,"column":36}},"367":{"start":{"line":594,"column":4},"end":{"line":594,"column":10}},"368":{"start":{"line":596,"column":4},"end":{"line":596,"column":36}},"369":{"start":{"line":597,"column":4},"end":{"line":597,"column":10}},"370":{"start":{"line":599,"column":4},"end":{"line":599,"column":36}},"371":{"start":{"line":600,"column":4},"end":{"line":600,"column":10}},"372":{"start":{"line":602,"column":4},"end":{"line":602,"column":36}},"373":{"start":{"line":603,"column":4},"end":{"line":603,"column":10}},"374":{"start":{"line":605,"column":4},"end":{"line":605,"column":36}},"375":{"start":{"line":606,"column":4},"end":{"line":606,"column":10}},"376":{"start":{"line":608,"column":2},"end":{"line":608,"column":57}},"377":{"start":{"line":609,"column":2},"end":{"line":609,"column":57}},"378":{"start":{"line":610,"column":2},"end":{"line":610,"column":57}},"379":{"start":{"line":611,"column":2},"end":{"line":611,"column":57}},"380":{"start":{"line":613,"column":1},"end":{"line":613,"column":17}},"381":{"start":{"line":617,"column":19},"end":{"line":617,"column":32}},"382":{"start":{"line":618,"column":1},"end":{"line":618,"column":31}},"383":{"start":{"line":619,"column":1},"end":{"line":619,"column":30}},"384":{"start":{"line":620,"column":1},"end":{"line":620,"column":31}},"385":{"start":{"line":621,"column":1},"end":{"line":621,"column":31}},"386":{"start":{"line":622,"column":1},"end":{"line":622,"column":31}},"387":{"start":{"line":623,"column":1},"end":{"line":623,"column":31}},"388":{"start":{"line":624,"column":1},"end":{"line":624,"column":31}},"389":{"start":{"line":625,"column":1},"end":{"line":625,"column":31}},"390":{"start":{"line":626,"column":1},"end":{"line":626,"column":30}},"391":{"start":{"line":627,"column":1},"end":{"line":627,"column":31}},"392":{"start":{"line":628,"column":1},"end":{"line":628,"column":32}},"393":{"start":{"line":629,"column":1},"end":{"line":629,"column":32}},"394":{"start":{"line":630,"column":1},"end":{"line":630,"column":31}},"395":{"start":{"line":631,"column":1},"end":{"line":631,"column":32}},"396":{"start":{"line":632,"column":1},"end":{"line":632,"column":32}},"397":{"start":{"line":633,"column":1},"end":{"line":633,"column":31}},"398":{"start":{"line":634,"column":1},"end":{"line":634,"column":31}},"399":{"start":{"line":635,"column":1},"end":{"line":635,"column":31}},"400":{"start":{"line":636,"column":1},"end":{"line":636,"column":32}},"401":{"start":{"line":637,"column":1},"end":{"line":637,"column":32}},"402":{"start":{"line":638,"column":1},"end":{"line":638,"column":32}},"403":{"start":{"line":639,"column":1},"end":{"line":639,"column":32}},"404":{"start":{"line":640,"column":1},"end":{"line":640,"column":31}},"405":{"start":{"line":641,"column":1},"end":{"line":641,"column":31}},"406":{"start":{"line":642,"column":1},"end":{"line":642,"column":32}},"407":{"start":{"line":643,"column":1},"end":{"line":643,"column":32}},"408":{"start":{"line":644,"column":1},"end":{"line":644,"column":32}},"409":{"start":{"line":645,"column":1},"end":{"line":645,"column":31}},"410":{"start":{"line":646,"column":1},"end":{"line":646,"column":32}},"411":{"start":{"line":647,"column":1},"end":{"line":647,"column":32}},"412":{"start":{"line":648,"column":1},"end":{"line":648,"column":31}},"413":{"start":{"line":649,"column":1},"end":{"line":649,"column":32}},"414":{"start":{"line":650,"column":1},"end":{"line":650,"column":20}},"415":{"start":{"line":654,"column":14},"end":{"line":654,"column":27}},"416":{"start":{"line":655,"column":1},"end":{"line":655,"column":25}},"417":{"start":{"line":656,"column":1},"end":{"line":656,"column":24}},"418":{"start":{"line":657,"column":1},"end":{"line":657,"column":25}},"419":{"start":{"line":658,"column":1},"end":{"line":658,"column":25}},"420":{"start":{"line":659,"column":1},"end":{"line":659,"column":25}},"421":{"start":{"line":660,"column":1},"end":{"line":660,"column":25}},"422":{"start":{"line":661,"column":1},"end":{"line":661,"column":25}},"423":{"start":{"line":662,"column":1},"end":{"line":662,"column":25}},"424":{"start":{"line":663,"column":1},"end":{"line":663,"column":25}},"425":{"start":{"line":664,"column":1},"end":{"line":664,"column":24}},"426":{"start":{"line":665,"column":1},"end":{"line":665,"column":26}},"427":{"start":{"line":666,"column":1},"end":{"line":666,"column":26}},"428":{"start":{"line":667,"column":1},"end":{"line":667,"column":26}},"429":{"start":{"line":668,"column":1},"end":{"line":668,"column":26}},"430":{"start":{"line":669,"column":1},"end":{"line":669,"column":26}},"431":{"start":{"line":670,"column":1},"end":{"line":670,"column":26}},"432":{"start":{"line":671,"column":1},"end":{"line":671,"column":26}},"433":{"start":{"line":672,"column":1},"end":{"line":672,"column":25}},"434":{"start":{"line":673,"column":1},"end":{"line":673,"column":26}},"435":{"start":{"line":674,"column":1},"end":{"line":674,"column":26}},"436":{"start":{"line":675,"column":1},"end":{"line":675,"column":26}},"437":{"start":{"line":676,"column":1},"end":{"line":676,"column":26}},"438":{"start":{"line":677,"column":1},"end":{"line":677,"column":26}},"439":{"start":{"line":678,"column":1},"end":{"line":678,"column":26}},"440":{"start":{"line":679,"column":1},"end":{"line":679,"column":26}},"441":{"start":{"line":680,"column":1},"end":{"line":680,"column":25}},"442":{"start":{"line":681,"column":1},"end":{"line":681,"column":26}},"443":{"start":{"line":682,"column":1},"end":{"line":682,"column":26}},"444":{"start":{"line":683,"column":1},"end":{"line":683,"column":26}},"445":{"start":{"line":684,"column":1},"end":{"line":684,"column":26}},"446":{"start":{"line":685,"column":1},"end":{"line":685,"column":26}},"447":{"start":{"line":686,"column":1},"end":{"line":686,"column":26}},"448":{"start":{"line":687,"column":1},"end":{"line":687,"column":26}},"449":{"start":{"line":688,"column":1},"end":{"line":688,"column":25}},"450":{"start":{"line":689,"column":1},"end":{"line":689,"column":26}},"451":{"start":{"line":690,"column":1},"end":{"line":690,"column":26}},"452":{"start":{"line":691,"column":1},"end":{"line":691,"column":26}},"453":{"start":{"line":692,"column":1},"end":{"line":692,"column":26}},"454":{"start":{"line":693,"column":1},"end":{"line":693,"column":26}},"455":{"start":{"line":694,"column":1},"end":{"line":694,"column":26}},"456":{"start":{"line":695,"column":1},"end":{"line":695,"column":26}},"457":{"start":{"line":696,"column":1},"end":{"line":696,"column":25}},"458":{"start":{"line":697,"column":1},"end":{"line":697,"column":26}},"459":{"start":{"line":698,"column":1},"end":{"line":698,"column":26}},"460":{"start":{"line":699,"column":1},"end":{"line":699,"column":26}},"461":{"start":{"line":700,"column":1},"end":{"line":700,"column":26}},"462":{"start":{"line":701,"column":1},"end":{"line":701,"column":26}},"463":{"start":{"line":702,"column":1},"end":{"line":702,"column":26}},"464":{"start":{"line":703,"column":1},"end":{"line":703,"column":26}},"465":{"start":{"line":704,"column":1},"end":{"line":704,"column":25}},"466":{"start":{"line":705,"column":1},"end":{"line":705,"column":26}},"467":{"start":{"line":706,"column":1},"end":{"line":706,"column":25}},"468":{"start":{"line":707,"column":1},"end":{"line":707,"column":26}},"469":{"start":{"line":708,"column":1},"end":{"line":708,"column":26}},"470":{"start":{"line":709,"column":1},"end":{"line":709,"column":26}},"471":{"start":{"line":710,"column":1},"end":{"line":710,"column":26}},"472":{"start":{"line":711,"column":1},"end":{"line":711,"column":26}},"473":{"start":{"line":712,"column":1},"end":{"line":712,"column":25}},"474":{"start":{"line":713,"column":1},"end":{"line":713,"column":26}},"475":{"start":{"line":714,"column":1},"end":{"line":714,"column":25}},"476":{"start":{"line":715,"column":1},"end":{"line":715,"column":26}},"477":{"start":{"line":716,"column":1},"end":{"line":716,"column":26}},"478":{"start":{"line":717,"column":1},"end":{"line":717,"column":26}},"479":{"start":{"line":718,"column":1},"end":{"line":718,"column":26}},"480":{"start":{"line":719,"column":1},"end":{"line":719,"column":15}},"481":{"start":{"line":723,"column":14},"end":{"line":723,"column":16}},"482":{"start":{"line":724,"column":1},"end":{"line":741,"column":2}},"483":{"start":{"line":725,"column":10},"end":{"line":725,"column":26}},"484":{"start":{"line":725,"column":27},"end":{"line":725,"column":33}},"485":{"start":{"line":726,"column":10},"end":{"line":726,"column":26}},"486":{"start":{"line":726,"column":27},"end":{"line":726,"column":33}},"487":{"start":{"line":727,"column":10},"end":{"line":727,"column":26}},"488":{"start":{"line":727,"column":27},"end":{"line":727,"column":33}},"489":{"start":{"line":728,"column":10},"end":{"line":728,"column":26}},"490":{"start":{"line":728,"column":27},"end":{"line":728,"column":33}},"491":{"start":{"line":729,"column":10},"end":{"line":729,"column":26}},"492":{"start":{"line":729,"column":27},"end":{"line":729,"column":33}},"493":{"start":{"line":730,"column":10},"end":{"line":730,"column":26}},"494":{"start":{"line":730,"column":27},"end":{"line":730,"column":33}},"495":{"start":{"line":731,"column":10},"end":{"line":731,"column":26}},"496":{"start":{"line":731,"column":27},"end":{"line":731,"column":33}},"497":{"start":{"line":732,"column":10},"end":{"line":732,"column":26}},"498":{"start":{"line":732,"column":27},"end":{"line":732,"column":33}},"499":{"start":{"line":733,"column":10},"end":{"line":733,"column":26}},"500":{"start":{"line":733,"column":27},"end":{"line":733,"column":33}},"501":{"start":{"line":734,"column":10},"end":{"line":734,"column":26}},"502":{"start":{"line":734,"column":27},"end":{"line":734,"column":33}},"503":{"start":{"line":735,"column":11},"end":{"line":735,"column":27}},"504":{"start":{"line":735,"column":28},"end":{"line":735,"column":34}},"505":{"start":{"line":736,"column":11},"end":{"line":736,"column":27}},"506":{"start":{"line":736,"column":28},"end":{"line":736,"column":34}},"507":{"start":{"line":737,"column":11},"end":{"line":737,"column":27}},"508":{"start":{"line":737,"column":28},"end":{"line":737,"column":34}},"509":{"start":{"line":738,"column":11},"end":{"line":738,"column":27}},"510":{"start":{"line":738,"column":28},"end":{"line":738,"column":34}},"511":{"start":{"line":739,"column":11},"end":{"line":739,"column":27}},"512":{"start":{"line":739,"column":28},"end":{"line":739,"column":34}},"513":{"start":{"line":740,"column":11},"end":{"line":740,"column":27}},"514":{"start":{"line":740,"column":28},"end":{"line":740,"column":34}},"515":{"start":{"line":742,"column":1},"end":{"line":742,"column":15}},"516":{"start":{"line":749,"column":11},"end":{"line":749,"column":24}},"517":{"start":{"line":750,"column":12},"end":{"line":750,"column":23}},"518":{"start":{"line":752,"column":1},"end":{"line":752,"column":23}},"519":{"start":{"line":753,"column":1},"end":{"line":753,"column":23}},"520":{"start":{"line":754,"column":1},"end":{"line":754,"column":23}},"521":{"start":{"line":755,"column":1},"end":{"line":755,"column":23}},"522":{"start":{"line":756,"column":1},"end":{"line":756,"column":23}},"523":{"start":{"line":757,"column":1},"end":{"line":757,"column":23}},"524":{"start":{"line":758,"column":1},"end":{"line":758,"column":23}},"525":{"start":{"line":759,"column":1},"end":{"line":759,"column":23}},"526":{"start":{"line":760,"column":1},"end":{"line":760,"column":23}},"527":{"start":{"line":761,"column":1},"end":{"line":761,"column":23}},"528":{"start":{"line":762,"column":1},"end":{"line":762,"column":24}},"529":{"start":{"line":763,"column":1},"end":{"line":763,"column":24}},"530":{"start":{"line":764,"column":1},"end":{"line":764,"column":24}},"531":{"start":{"line":765,"column":1},"end":{"line":765,"column":24}},"532":{"start":{"line":766,"column":1},"end":{"line":766,"column":24}},"533":{"start":{"line":767,"column":1},"end":{"line":767,"column":24}},"534":{"start":{"line":768,"column":12},"end":{"line":768,"column":60}},"535":{"start":{"line":770,"column":1},"end":{"line":774,"column":2}},"536":{"start":{"line":771,"column":2},"end":{"line":773,"column":3}},"537":{"start":{"line":772,"column":3},"end":{"line":772,"column":39}},"538":{"start":{"line":776,"column":9},"end":{"line":776,"column":10}},"539":{"start":{"line":777,"column":1},"end":{"line":858,"column":2}},"540":{"start":{"line":778,"column":17},"end":{"line":778,"column":18}},"541":{"start":{"line":779,"column":18},"end":{"line":779,"column":19}},"542":{"start":{"line":780,"column":2},"end":{"line":789,"column":3}},"543":{"start":{"line":781,"column":3},"end":{"line":781,"column":21}},"544":{"start":{"line":782,"column":3},"end":{"line":782,"column":23}},"545":{"start":{"line":783,"column":3},"end":{"line":786,"column":4}},"546":{"start":{"line":784,"column":4},"end":{"line":784,"column":24}},"547":{"start":{"line":785,"column":4},"end":{"line":785,"column":30}},"548":{"start":{"line":787,"column":3},"end":{"line":787,"column":22}},"549":{"start":{"line":788,"column":3},"end":{"line":788,"column":23}},"550":{"start":{"line":790,"column":16},"end":{"line":790,"column":29}},"551":{"start":{"line":791,"column":2},"end":{"line":791,"column":23}},"552":{"start":{"line":792,"column":2},"end":{"line":792,"column":23}},"553":{"start":{"line":793,"column":2},"end":{"line":793,"column":23}},"554":{"start":{"line":794,"column":2},"end":{"line":794,"column":23}},"555":{"start":{"line":795,"column":2},"end":{"line":795,"column":22}},"556":{"start":{"line":796,"column":2},"end":{"line":796,"column":22}},"557":{"start":{"line":797,"column":2},"end":{"line":797,"column":22}},"558":{"start":{"line":798,"column":2},"end":{"line":798,"column":23}},"559":{"start":{"line":799,"column":2},"end":{"line":799,"column":23}},"560":{"start":{"line":800,"column":2},"end":{"line":800,"column":22}},"561":{"start":{"line":801,"column":2},"end":{"line":801,"column":24}},"562":{"start":{"line":802,"column":2},"end":{"line":802,"column":23}},"563":{"start":{"line":803,"column":2},"end":{"line":803,"column":24}},"564":{"start":{"line":804,"column":2},"end":{"line":804,"column":24}},"565":{"start":{"line":805,"column":2},"end":{"line":805,"column":24}},"566":{"start":{"line":806,"column":2},"end":{"line":806,"column":23}},"567":{"start":{"line":807,"column":2},"end":{"line":807,"column":24}},"568":{"start":{"line":808,"column":2},"end":{"line":808,"column":23}},"569":{"start":{"line":809,"column":2},"end":{"line":809,"column":24}},"570":{"start":{"line":810,"column":2},"end":{"line":810,"column":23}},"571":{"start":{"line":811,"column":2},"end":{"line":811,"column":24}},"572":{"start":{"line":812,"column":2},"end":{"line":812,"column":24}},"573":{"start":{"line":813,"column":2},"end":{"line":813,"column":24}},"574":{"start":{"line":814,"column":2},"end":{"line":814,"column":23}},"575":{"start":{"line":815,"column":2},"end":{"line":815,"column":24}},"576":{"start":{"line":816,"column":2},"end":{"line":816,"column":24}},"577":{"start":{"line":817,"column":2},"end":{"line":817,"column":24}},"578":{"start":{"line":818,"column":2},"end":{"line":818,"column":24}},"579":{"start":{"line":819,"column":2},"end":{"line":819,"column":24}},"580":{"start":{"line":820,"column":2},"end":{"line":820,"column":24}},"581":{"start":{"line":821,"column":2},"end":{"line":821,"column":24}},"582":{"start":{"line":822,"column":2},"end":{"line":822,"column":24}},"583":{"start":{"line":823,"column":2},"end":{"line":823,"column":24}},"584":{"start":{"line":824,"column":2},"end":{"line":824,"column":24}},"585":{"start":{"line":825,"column":2},"end":{"line":825,"column":24}},"586":{"start":{"line":826,"column":2},"end":{"line":826,"column":24}},"587":{"start":{"line":827,"column":2},"end":{"line":827,"column":24}},"588":{"start":{"line":828,"column":2},"end":{"line":828,"column":24}},"589":{"start":{"line":829,"column":2},"end":{"line":829,"column":24}},"590":{"start":{"line":830,"column":2},"end":{"line":830,"column":24}},"591":{"start":{"line":831,"column":2},"end":{"line":831,"column":24}},"592":{"start":{"line":832,"column":2},"end":{"line":832,"column":24}},"593":{"start":{"line":833,"column":2},"end":{"line":833,"column":24}},"594":{"start":{"line":834,"column":2},"end":{"line":834,"column":24}},"595":{"start":{"line":835,"column":2},"end":{"line":835,"column":24}},"596":{"start":{"line":836,"column":2},"end":{"line":836,"column":24}},"597":{"start":{"line":837,"column":2},"end":{"line":837,"column":24}},"598":{"start":{"line":838,"column":2},"end":{"line":838,"column":24}},"599":{"start":{"line":840,"column":2},"end":{"line":857,"column":3}},"600":{"start":{"line":841,"column":11},"end":{"line":841,"column":64}},"601":{"start":{"line":841,"column":38},"end":{"line":841,"column":62}},"602":{"start":{"line":841,"column":65},"end":{"line":841,"column":71}},"603":{"start":{"line":842,"column":11},"end":{"line":842,"column":64}},"604":{"start":{"line":842,"column":38},"end":{"line":842,"column":62}},"605":{"start":{"line":842,"column":65},"end":{"line":842,"column":71}},"606":{"start":{"line":843,"column":11},"end":{"line":843,"column":64}},"607":{"start":{"line":843,"column":38},"end":{"line":843,"column":62}},"608":{"start":{"line":843,"column":65},"end":{"line":843,"column":71}},"609":{"start":{"line":844,"column":11},"end":{"line":844,"column":64}},"610":{"start":{"line":844,"column":38},"end":{"line":844,"column":62}},"611":{"start":{"line":844,"column":65},"end":{"line":844,"column":71}},"612":{"start":{"line":845,"column":11},"end":{"line":845,"column":64}},"613":{"start":{"line":845,"column":38},"end":{"line":845,"column":62}},"614":{"start":{"line":845,"column":65},"end":{"line":845,"column":71}},"615":{"start":{"line":846,"column":11},"end":{"line":846,"column":64}},"616":{"start":{"line":846,"column":38},"end":{"line":846,"column":62}},"617":{"start":{"line":846,"column":65},"end":{"line":846,"column":71}},"618":{"start":{"line":847,"column":11},"end":{"line":847,"column":64}},"619":{"start":{"line":847,"column":38},"end":{"line":847,"column":62}},"620":{"start":{"line":847,"column":65},"end":{"line":847,"column":71}},"621":{"start":{"line":848,"column":11},"end":{"line":848,"column":64}},"622":{"start":{"line":848,"column":38},"end":{"line":848,"column":62}},"623":{"start":{"line":848,"column":65},"end":{"line":848,"column":71}},"624":{"start":{"line":849,"column":11},"end":{"line":849,"column":64}},"625":{"start":{"line":849,"column":38},"end":{"line":849,"column":62}},"626":{"start":{"line":849,"column":65},"end":{"line":849,"column":71}},"627":{"start":{"line":850,"column":11},"end":{"line":850,"column":64}},"628":{"start":{"line":850,"column":38},"end":{"line":850,"column":62}},"629":{"start":{"line":850,"column":65},"end":{"line":850,"column":71}},"630":{"start":{"line":851,"column":12},"end":{"line":851,"column":66}},"631":{"start":{"line":851,"column":39},"end":{"line":851,"column":64}},"632":{"start":{"line":851,"column":67},"end":{"line":851,"column":73}},"633":{"start":{"line":852,"column":12},"end":{"line":852,"column":66}},"634":{"start":{"line":852,"column":39},"end":{"line":852,"column":64}},"635":{"start":{"line":852,"column":67},"end":{"line":852,"column":73}},"636":{"start":{"line":853,"column":12},"end":{"line":853,"column":66}},"637":{"start":{"line":853,"column":39},"end":{"line":853,"column":64}},"638":{"start":{"line":853,"column":67},"end":{"line":853,"column":73}},"639":{"start":{"line":854,"column":12},"end":{"line":854,"column":66}},"640":{"start":{"line":854,"column":39},"end":{"line":854,"column":64}},"641":{"start":{"line":854,"column":67},"end":{"line":854,"column":73}},"642":{"start":{"line":855,"column":12},"end":{"line":855,"column":66}},"643":{"start":{"line":855,"column":39},"end":{"line":855,"column":64}},"644":{"start":{"line":855,"column":67},"end":{"line":855,"column":73}},"645":{"start":{"line":856,"column":12},"end":{"line":856,"column":66}},"646":{"start":{"line":856,"column":39},"end":{"line":856,"column":64}},"647":{"start":{"line":856,"column":67},"end":{"line":856,"column":73}},"648":{"start":{"line":859,"column":1},"end":{"line":859,"column":13}},"649":{"start":{"line":862,"column":0},"end":{"line":865,"column":1}}},"fnMap":{"0":{"name":"strEnc","decl":{"start":{"line":5,"column":9},"end":{"line":5,"column":15}},"loc":{"start":{"line":5,"column":53},"end":{"line":160,"column":1}},"line":5},"1":{"name":"strDec","decl":{"start":{"line":167,"column":9},"end":{"line":167,"column":15}},"loc":{"start":{"line":167,"column":53},"end":{"line":236,"column":1}},"line":167},"2":{"name":"getKeyBytes","decl":{"start":{"line":242,"column":9},"end":{"line":242,"column":20}},"loc":{"start":{"line":242,"column":26},"end":{"line":255,"column":1}},"line":242},"3":{"name":"strToBt","decl":{"start":{"line":262,"column":9},"end":{"line":262,"column":16}},"loc":{"start":{"line":262,"column":22},"end":{"line":300,"column":1}},"line":262},"4":{"name":"bt4ToHex","decl":{"start":{"line":307,"column":9},"end":{"line":307,"column":17}},"loc":{"start":{"line":307,"column":26},"end":{"line":328,"column":1}},"line":307},"5":{"name":"hexToBt4","decl":{"start":{"line":335,"column":9},"end":{"line":335,"column":17}},"loc":{"start":{"line":335,"column":23},"end":{"line":356,"column":1}},"line":335},"6":{"name":"byteToString","decl":{"start":{"line":363,"column":9},"end":{"line":363,"column":21}},"loc":{"start":{"line":363,"column":32},"end":{"line":379,"column":1}},"line":363},"7":{"name":"bt64ToHex","decl":{"start":{"line":381,"column":9},"end":{"line":381,"column":18}},"loc":{"start":{"line":381,"column":29},"end":{"line":391,"column":1}},"line":381},"8":{"name":"hexToBt64","decl":{"start":{"line":393,"column":9},"end":{"line":393,"column":18}},"loc":{"start":{"line":393,"column":24},"end":{"line":399,"column":1}},"line":393},"9":{"name":"enc","decl":{"start":{"line":405,"column":9},"end":{"line":405,"column":12}},"loc":{"start":{"line":405,"column":32},"end":{"line":439,"column":1}},"line":405},"10":{"name":"dec","decl":{"start":{"line":441,"column":9},"end":{"line":441,"column":12}},"loc":{"start":{"line":441,"column":32},"end":{"line":475,"column":1}},"line":441},"11":{"name":"initPermute","decl":{"start":{"line":477,"column":9},"end":{"line":477,"column":20}},"loc":{"start":{"line":477,"column":35},"end":{"line":486,"column":1}},"line":477},"12":{"name":"expandPermute","decl":{"start":{"line":488,"column":9},"end":{"line":488,"column":22}},"loc":{"start":{"line":488,"column":34},"end":{"line":507,"column":1}},"line":488},"13":{"name":"xor","decl":{"start":{"line":509,"column":9},"end":{"line":509,"column":12}},"loc":{"start":{"line":509,"column":31},"end":{"line":515,"column":1}},"line":509},"14":{"name":"sBoxPermute","decl":{"start":{"line":517,"column":9},"end":{"line":517,"column":20}},"loc":{"start":{"line":517,"column":33},"end":{"line":614,"column":1}},"line":517},"15":{"name":"pPermute","decl":{"start":{"line":616,"column":9},"end":{"line":616,"column":17}},"loc":{"start":{"line":616,"column":28},"end":{"line":651,"column":1}},"line":616},"16":{"name":"finallyPermute","decl":{"start":{"line":653,"column":9},"end":{"line":653,"column":23}},"loc":{"start":{"line":653,"column":33},"end":{"line":720,"column":1}},"line":653},"17":{"name":"getBoxBinary","decl":{"start":{"line":722,"column":9},"end":{"line":722,"column":21}},"loc":{"start":{"line":722,"column":25},"end":{"line":743,"column":1}},"line":722},"18":{"name":"generateKeys","decl":{"start":{"line":748,"column":9},"end":{"line":748,"column":21}},"loc":{"start":{"line":748,"column":31},"end":{"line":860,"column":1}},"line":748}},"branchMap":{"0":{"loc":{"start":{"line":9,"column":1},"end":{"line":12,"column":2}},"type":"if","locations":[{"start":{"line":9,"column":1},"end":{"line":12,"column":2}},{"start":{"line":9,"column":1},"end":{"line":12,"column":2}}],"line":9},"1":{"loc":{"start":{"line":9,"column":5},"end":{"line":9,"column":39}},"type":"binary-expr","locations":[{"start":{"line":9,"column":5},"end":{"line":9,"column":21}},{"start":{"line":9,"column":25},"end":{"line":9,"column":39}}],"line":9},"2":{"loc":{"start":{"line":13,"column":1},"end":{"line":16,"column":2}},"type":"if","locations":[{"start":{"line":13,"column":1},"end":{"line":16,"column":2}},{"start":{"line":13,"column":1},"end":{"line":16,"column":2}}],"line":13},"3":{"loc":{"start":{"line":13,"column":5},"end":{"line":13,"column":41}},"type":"binary-expr","locations":[{"start":{"line":13,"column":5},"end":{"line":13,"column":22}},{"start":{"line":13,"column":26},"end":{"line":13,"column":41}}],"line":13},"4":{"loc":{"start":{"line":17,"column":1},"end":{"line":20,"column":2}},"type":"if","locations":[{"start":{"line":17,"column":1},"end":{"line":20,"column":2}},{"start":{"line":17,"column":1},"end":{"line":20,"column":2}}],"line":17},"5":{"loc":{"start":{"line":17,"column":5},"end":{"line":17,"column":39}},"type":"binary-expr","locations":[{"start":{"line":17,"column":5},"end":{"line":17,"column":21}},{"start":{"line":17,"column":25},"end":{"line":17,"column":39}}],"line":17},"6":{"loc":{"start":{"line":22,"column":1},"end":{"line":158,"column":2}},"type":"if","locations":[{"start":{"line":22,"column":1},"end":{"line":158,"column":2}},{"start":{"line":22,"column":1},"end":{"line":158,"column":2}}],"line":22},"7":{"loc":{"start":{"line":23,"column":2},"end":{"line":157,"column":3}},"type":"if","locations":[{"start":{"line":23,"column":2},"end":{"line":157,"column":3}},{"start":{"line":23,"column":2},"end":{"line":157,"column":3}}],"line":23},"8":{"loc":{"start":{"line":26,"column":3},"end":{"line":63,"column":4}},"type":"if","locations":[{"start":{"line":26,"column":3},"end":{"line":63,"column":4}},{"start":{"line":26,"column":3},"end":{"line":63,"column":4}}],"line":26},"9":{"loc":{"start":{"line":26,"column":7},"end":{"line":26,"column":119}},"type":"binary-expr","locations":[{"start":{"line":26,"column":7},"end":{"line":26,"column":23}},{"start":{"line":26,"column":27},"end":{"line":26,"column":41}},{"start":{"line":26,"column":45},"end":{"line":26,"column":62}},{"start":{"line":26,"column":66},"end":{"line":26,"column":81}},{"start":{"line":26,"column":85},"end":{"line":26,"column":101}},{"start":{"line":26,"column":105},"end":{"line":26,"column":119}}],"line":26},"10":{"loc":{"start":{"line":41,"column":4},"end":{"line":62,"column":5}},"type":"if","locations":[{"start":{"line":41,"column":4},"end":{"line":62,"column":5}},{"start":{"line":41,"column":4},"end":{"line":62,"column":5}}],"line":41},"11":{"loc":{"start":{"line":41,"column":8},"end":{"line":41,"column":82}},"type":"binary-expr","locations":[{"start":{"line":41,"column":8},"end":{"line":41,"column":24}},{"start":{"line":41,"column":28},"end":{"line":41,"column":42}},{"start":{"line":41,"column":46},"end":{"line":41,"column":63}},{"start":{"line":41,"column":67},"end":{"line":41,"column":82}}],"line":41},"12":{"loc":{"start":{"line":53,"column":5},"end":{"line":61,"column":6}},"type":"if","locations":[{"start":{"line":53,"column":5},"end":{"line":61,"column":6}},{"start":{"line":53,"column":5},"end":{"line":61,"column":6}}],"line":53},"13":{"loc":{"start":{"line":53,"column":9},"end":{"line":53,"column":43}},"type":"binary-expr","locations":[{"start":{"line":53,"column":9},"end":{"line":53,"column":25}},{"start":{"line":53,"column":29},"end":{"line":53,"column":43}}],"line":53},"14":{"loc":{"start":{"line":73,"column":4},"end":{"line":110,"column":5}},"type":"if","locations":[{"start":{"line":73,"column":4},"end":{"line":110,"column":5}},{"start":{"line":73,"column":4},"end":{"line":110,"column":5}}],"line":73},"15":{"loc":{"start":{"line":73,"column":8},"end":{"line":73,"column":120}},"type":"binary-expr","locations":[{"start":{"line":73,"column":8},"end":{"line":73,"column":24}},{"start":{"line":73,"column":28},"end":{"line":73,"column":42}},{"start":{"line":73,"column":46},"end":{"line":73,"column":63}},{"start":{"line":73,"column":67},"end":{"line":73,"column":82}},{"start":{"line":73,"column":86},"end":{"line":73,"column":102}},{"start":{"line":73,"column":106},"end":{"line":73,"column":120}}],"line":73},"16":{"loc":{"start":{"line":88,"column":5},"end":{"line":109,"column":6}},"type":"if","locations":[{"start":{"line":88,"column":5},"end":{"line":109,"column":6}},{"start":{"line":88,"column":5},"end":{"line":109,"column":6}}],"line":88},"17":{"loc":{"start":{"line":88,"column":9},"end":{"line":88,"column":83}},"type":"binary-expr","locations":[{"start":{"line":88,"column":9},"end":{"line":88,"column":25}},{"start":{"line":88,"column":29},"end":{"line":88,"column":43}},{"start":{"line":88,"column":47},"end":{"line":88,"column":64}},{"start":{"line":88,"column":68},"end":{"line":88,"column":83}}],"line":88},"18":{"loc":{"start":{"line":100,"column":6},"end":{"line":108,"column":7}},"type":"if","locations":[{"start":{"line":100,"column":6},"end":{"line":108,"column":7}},{"start":{"line":100,"column":6},"end":{"line":108,"column":7}}],"line":100},"19":{"loc":{"start":{"line":100,"column":10},"end":{"line":100,"column":44}},"type":"binary-expr","locations":[{"start":{"line":100,"column":10},"end":{"line":100,"column":26}},{"start":{"line":100,"column":30},"end":{"line":100,"column":44}}],"line":100},"20":{"loc":{"start":{"line":113,"column":3},"end":{"line":156,"column":4}},"type":"if","locations":[{"start":{"line":113,"column":3},"end":{"line":156,"column":4}},{"start":{"line":113,"column":3},"end":{"line":156,"column":4}}],"line":113},"21":{"loc":{"start":{"line":117,"column":4},"end":{"line":154,"column":5}},"type":"if","locations":[{"start":{"line":117,"column":4},"end":{"line":154,"column":5}},{"start":{"line":117,"column":4},"end":{"line":154,"column":5}}],"line":117},"22":{"loc":{"start":{"line":117,"column":8},"end":{"line":117,"column":120}},"type":"binary-expr","locations":[{"start":{"line":117,"column":8},"end":{"line":117,"column":24}},{"start":{"line":117,"column":28},"end":{"line":117,"column":42}},{"start":{"line":117,"column":46},"end":{"line":117,"column":63}},{"start":{"line":117,"column":67},"end":{"line":117,"column":82}},{"start":{"line":117,"column":86},"end":{"line":117,"column":102}},{"start":{"line":117,"column":106},"end":{"line":117,"column":120}}],"line":117},"23":{"loc":{"start":{"line":132,"column":5},"end":{"line":153,"column":6}},"type":"if","locations":[{"start":{"line":132,"column":5},"end":{"line":153,"column":6}},{"start":{"line":132,"column":5},"end":{"line":153,"column":6}}],"line":132},"24":{"loc":{"start":{"line":132,"column":9},"end":{"line":132,"column":83}},"type":"binary-expr","locations":[{"start":{"line":132,"column":9},"end":{"line":132,"column":25}},{"start":{"line":132,"column":29},"end":{"line":132,"column":43}},{"start":{"line":132,"column":47},"end":{"line":132,"column":64}},{"start":{"line":132,"column":68},"end":{"line":132,"column":83}}],"line":132},"25":{"loc":{"start":{"line":144,"column":6},"end":{"line":152,"column":7}},"type":"if","locations":[{"start":{"line":144,"column":6},"end":{"line":152,"column":7}},{"start":{"line":144,"column":6},"end":{"line":152,"column":7}}],"line":144},"26":{"loc":{"start":{"line":144,"column":10},"end":{"line":144,"column":44}},"type":"binary-expr","locations":[{"start":{"line":144,"column":10},"end":{"line":144,"column":26}},{"start":{"line":144,"column":30},"end":{"line":144,"column":44}}],"line":144},"27":{"loc":{"start":{"line":171,"column":1},"end":{"line":174,"column":2}},"type":"if","locations":[{"start":{"line":171,"column":1},"end":{"line":174,"column":2}},{"start":{"line":171,"column":1},"end":{"line":174,"column":2}}],"line":171},"28":{"loc":{"start":{"line":171,"column":5},"end":{"line":171,"column":39}},"type":"binary-expr","locations":[{"start":{"line":171,"column":5},"end":{"line":171,"column":21}},{"start":{"line":171,"column":25},"end":{"line":171,"column":39}}],"line":171},"29":{"loc":{"start":{"line":175,"column":1},"end":{"line":178,"column":2}},"type":"if","locations":[{"start":{"line":175,"column":1},"end":{"line":178,"column":2}},{"start":{"line":175,"column":1},"end":{"line":178,"column":2}}],"line":175},"30":{"loc":{"start":{"line":175,"column":5},"end":{"line":175,"column":41}},"type":"binary-expr","locations":[{"start":{"line":175,"column":5},"end":{"line":175,"column":22}},{"start":{"line":175,"column":26},"end":{"line":175,"column":41}}],"line":175},"31":{"loc":{"start":{"line":179,"column":1},"end":{"line":182,"column":2}},"type":"if","locations":[{"start":{"line":179,"column":1},"end":{"line":182,"column":2}},{"start":{"line":179,"column":1},"end":{"line":182,"column":2}}],"line":179},"32":{"loc":{"start":{"line":179,"column":5},"end":{"line":179,"column":39}},"type":"binary-expr","locations":[{"start":{"line":179,"column":5},"end":{"line":179,"column":21}},{"start":{"line":179,"column":25},"end":{"line":179,"column":39}}],"line":179},"33":{"loc":{"start":{"line":195,"column":2},"end":{"line":232,"column":3}},"type":"if","locations":[{"start":{"line":195,"column":2},"end":{"line":232,"column":3}},{"start":{"line":195,"column":2},"end":{"line":232,"column":3}}],"line":195},"34":{"loc":{"start":{"line":195,"column":6},"end":{"line":195,"column":118}},"type":"binary-expr","locations":[{"start":{"line":195,"column":6},"end":{"line":195,"column":22}},{"start":{"line":195,"column":26},"end":{"line":195,"column":40}},{"start":{"line":195,"column":44},"end":{"line":195,"column":61}},{"start":{"line":195,"column":65},"end":{"line":195,"column":80}},{"start":{"line":195,"column":84},"end":{"line":195,"column":100}},{"start":{"line":195,"column":104},"end":{"line":195,"column":118}}],"line":195},"35":{"loc":{"start":{"line":210,"column":3},"end":{"line":231,"column":4}},"type":"if","locations":[{"start":{"line":210,"column":3},"end":{"line":231,"column":4}},{"start":{"line":210,"column":3},"end":{"line":231,"column":4}}],"line":210},"36":{"loc":{"start":{"line":210,"column":7},"end":{"line":210,"column":81}},"type":"binary-expr","locations":[{"start":{"line":210,"column":7},"end":{"line":210,"column":23}},{"start":{"line":210,"column":27},"end":{"line":210,"column":41}},{"start":{"line":210,"column":45},"end":{"line":210,"column":62}},{"start":{"line":210,"column":66},"end":{"line":210,"column":81}}],"line":210},"37":{"loc":{"start":{"line":222,"column":4},"end":{"line":230,"column":5}},"type":"if","locations":[{"start":{"line":222,"column":4},"end":{"line":230,"column":5}},{"start":{"line":222,"column":4},"end":{"line":230,"column":5}}],"line":222},"38":{"loc":{"start":{"line":222,"column":8},"end":{"line":222,"column":42}},"type":"binary-expr","locations":[{"start":{"line":222,"column":8},"end":{"line":222,"column":24}},{"start":{"line":222,"column":28},"end":{"line":222,"column":42}}],"line":222},"39":{"loc":{"start":{"line":251,"column":1},"end":{"line":253,"column":2}},"type":"if","locations":[{"start":{"line":251,"column":1},"end":{"line":253,"column":2}},{"start":{"line":251,"column":1},"end":{"line":253,"column":2}}],"line":251},"40":{"loc":{"start":{"line":265,"column":1},"end":{"line":298,"column":2}},"type":"if","locations":[{"start":{"line":265,"column":1},"end":{"line":298,"column":2}},{"start":{"line":265,"column":1},"end":{"line":298,"column":2}}],"line":265},"41":{"loc":{"start":{"line":309,"column":1},"end":{"line":326,"column":2}},"type":"switch","locations":[{"start":{"line":310,"column":2},"end":{"line":310,"column":32}},{"start":{"line":311,"column":2},"end":{"line":311,"column":32}},{"start":{"line":312,"column":2},"end":{"line":312,"column":32}},{"start":{"line":313,"column":2},"end":{"line":313,"column":32}},{"start":{"line":314,"column":2},"end":{"line":314,"column":32}},{"start":{"line":315,"column":2},"end":{"line":315,"column":32}},{"start":{"line":316,"column":2},"end":{"line":316,"column":32}},{"start":{"line":317,"column":2},"end":{"line":317,"column":32}},{"start":{"line":318,"column":2},"end":{"line":318,"column":32}},{"start":{"line":319,"column":2},"end":{"line":319,"column":32}},{"start":{"line":320,"column":2},"end":{"line":320,"column":32}},{"start":{"line":321,"column":2},"end":{"line":321,"column":32}},{"start":{"line":322,"column":2},"end":{"line":322,"column":32}},{"start":{"line":323,"column":2},"end":{"line":323,"column":32}},{"start":{"line":324,"column":2},"end":{"line":324,"column":32}},{"start":{"line":325,"column":2},"end":{"line":325,"column":32}}],"line":309},"42":{"loc":{"start":{"line":337,"column":1},"end":{"line":354,"column":2}},"type":"switch","locations":[{"start":{"line":338,"column":2},"end":{"line":338,"column":35}},{"start":{"line":339,"column":2},"end":{"line":339,"column":35}},{"start":{"line":340,"column":2},"end":{"line":340,"column":35}},{"start":{"line":341,"column":2},"end":{"line":341,"column":35}},{"start":{"line":342,"column":2},"end":{"line":342,"column":35}},{"start":{"line":343,"column":2},"end":{"line":343,"column":35}},{"start":{"line":344,"column":2},"end":{"l
[...]
":{"line":153,"column":4},"end":{"line":153,"column":28}},"52":{"start":{"line":158,"column":2},"end":{"line":158,"column":13}},"53":{"start":{"line":161,"column":2},"end":{"line":161,"column":77}},"54":{"start":{"line":164,"column":2},"end":{"line":164,"column":18}},"55":{"start":{"line":165,"column":15},"end":{"line":165,"column":65}},"56":{"start":{"line":167,"column":15},"end":{"line":167,"column":28}},"57":{"start":{"line":168,"column":12},"end":{"line":168,"column":14}},"58":{"start":{"line":169,"column":2},"end":{"line":171,"column":3}},"59":{"start":{"line":170,"column":3},"end":{"line":170,"column":60}},"60":{"start":{"line":172,"column":2},"end":{"line":172,"column":13}},"61":{"start":{"line":176,"column":2},"end":{"line":183,"column":3}},"62":{"start":{"line":177,"column":3},"end":{"line":182,"column":4}},"63":{"start":{"line":178,"column":4},"end":{"line":181,"column":5}},"64":{"start":{"line":179,"column":5},"end":{"line":179,"column":27}},"65":{"start":{"line":180,"column":5},"end":{"line":180,"column":11}},"66":{"start":{"line":184,"column":2},"end":{"line":184,"column":15}},"67":{"start":{"line":187,"column":2},"end":{"line":195,"column":7}},"68":{"start":{"line":202,"column":0},"end":{"line":221,"column":2}},"69":{"start":{"line":203,"column":1},"end":{"line":220,"column":2}},"70":{"start":{"line":204,"column":2},"end":{"line":219,"column":5}},"71":{"start":{"line":205,"column":3},"end":{"line":218,"column":4}},"72":{"start":{"line":207,"column":21},"end":{"line":209,"column":6}},"73":{"start":{"line":210,"column":5},"end":{"line":210,"column":53}},"74":{"start":{"line":211,"column":5},"end":{"line":211,"column":11}},"75":{"start":{"line":213,"column":5},"end":{"line":213,"column":34}},"76":{"start":{"line":214,"column":5},"end":{"line":214,"column":11}},"77":{"start":{"line":216,"column":5},"end":{"line":216,"column":39}},"78":{"start":{"line":217,"column":5},"end":{"line":217,"column":11}},"79":{"start":{"line":238,"column":1},"end":{"line":244,"column":2}},"80":{"start":{"line":239,"column":2},"end":{"line":243,"column":4}},"81":{"start":{"line":245,"column":1},"end":{"line":245,"column":28}},"82":{"start":{"line":246,"column":1},"end":{"line":246,"column":59}},"83":{"start":{"line":247,"column":1},"end":{"line":247,"column":25}},"84":{"start":{"line":248,"column":12},"end":{"line":248,"column":29}},"85":{"start":{"line":249,"column":15},"end":{"line":249,"column":47}},"86":{"start":{"line":250,"column":1},"end":{"line":250,"column":23}},"87":{"start":{"line":251,"column":11},"end":{"line":251,"column":58}},"88":{"start":{"line":253,"column":2},"end":{"line":255,"column":26}},"89":{"start":{"line":256,"column":1},"end":{"line":259,"column":10}},"90":{"start":{"line":260,"column":1},"end":{"line":260,"column":24}},"91":{"start":{"line":262,"column":15},"end":{"line":267,"column":2}},"92":{"start":{"line":268,"column":1},"end":{"line":268,"column":76}},"93":{"start":{"line":269,"column":1},"end":{"line":366,"column":5}},"94":{"start":{"line":271,"column":14},"end":{"line":271,"column":18}},"95":{"start":{"line":272,"column":11},"end":{"line":272,"column":17}},"96":{"start":{"line":274,"column":3},"end":{"line":299,"column":4}},"97":{"start":{"line":275,"column":4},"end":{"line":275,"column":48}},"98":{"start":{"line":276,"column":4},"end":{"line":298,"column":5}},"99":{"start":{"line":277,"column":18},"end":{"line":282,"column":6}},"100":{"start":{"line":283,"column":5},"end":{"line":283,"column":55}},"101":{"start":{"line":284,"column":5},"end":{"line":284,"column":12}},"102":{"start":{"line":286,"column":5},"end":{"line":297,"column":6}},"103":{"start":{"line":287,"column":6},"end":{"line":287,"column":30}},"104":{"start":{"line":289,"column":19},"end":{"line":294,"column":7}},"105":{"start":{"line":295,"column":6},"end":{"line":295,"column":56}},"106":{"start":{"line":296,"column":6},"end":{"line":296,"column":13}},"107":{"start":{"line":302,"column":16},"end":{"line":307,"column":4}},"108":{"start":{"line":308,"column":3},"end":{"line":308,"column":32}},"109":{"start":{"line":309,"column":3},"end":{"line":309,"column":15}},"110":{"start":{"line":310,"column":3},"end":{"line":310,"column":13}},"111":{"start":{"line":311,"column":3},"end":{"line":327,"column":4}},"112":{"start":{"line":312,"column":4},"end":{"line":318,"column":5}},"113":{"start":{"line":313,"column":5},"end":{"line":313,"column":69}},"114":{"start":{"line":315,"column":5},"end":{"line":317,"column":6}},"115":{"start":{"line":316,"column":6},"end":{"line":316,"column":70}},"116":{"start":{"line":320,"column":4},"end":{"line":326,"column":5}},"117":{"start":{"line":321,"column":5},"end":{"line":321,"column":55}},"118":{"start":{"line":323,"column":5},"end":{"line":325,"column":6}},"119":{"start":{"line":324,"column":6},"end":{"line":324,"column":56}},"120":{"start":{"line":330,"column":3},"end":{"line":330,"column":30}},"121":{"start":{"line":331,"column":3},"end":{"line":331,"column":24}},"122":{"start":{"line":332,"column":3},"end":{"line":364,"column":4}},"123":{"start":{"line":333,"column":4},"end":{"line":361,"column":5}},"124":{"start":{"line":334,"column":18},"end":{"line":339,"column":6}},"125":{"start":{"line":340,"column":5},"end":{"line":340,"column":17}},"126":{"start":{"line":344,"column":5},"end":{"line":344,"column":30}},"127":{"start":{"line":345,"column":5},"end":{"line":345,"column":33}},"128":{"start":{"line":346,"column":5},"end":{"line":346,"column":64}},"129":{"start":{"line":347,"column":11},"end":{"line":361,"column":5}},"130":{"start":{"line":348,"column":18},"end":{"line":353,"column":6}},"131":{"start":{"line":354,"column":5},"end":{"line":354,"column":17}},"132":{"start":{"line":358,"column":5},"end":{"line":358,"column":64}},"133":{"start":{"line":360,"column":5},"end":{"line":360,"column":38}},"134":{"start":{"line":363,"column":4},"end":{"line":363,"column":40}},"135":{"start":{"line":369,"column":0},"end":{"line":386,"column":3}},"136":{"start":{"line":370,"column":1},"end":{"line":385,"column":3}},"137":{"start":{"line":377,"column":2},"end":{"line":384,"column":4}},"138":{"start":{"line":388,"column":0},"end":{"line":388,"column":26}}},"fnMap":{"0":{"name":"(anonymous_0)","decl":{"start":{"line":16,"column":2},"end":{"line":16,"column":3}},"loc":{"start":{"line":16,"column":13},"end":{"line":19,"column":3}},"line":16},"1":{"name":"(anonymous_1)","decl":{"start":{"line":54,"column":12},"end":{"line":54,"column":13}},"loc":{"start":{"line":54,"column":20},"end":{"line":60,"column":3}},"line":54},"2":{"name":"init","decl":{"start":{"line":202,"column":28},"end":{"line":202,"column":32}},"loc":{"start":{"line":202,"column":42},"end":{"line":221,"column":1}},"line":202},"3":{"name":"(anonymous_3)","decl":{"start":{"line":204,"column":31},"end":{"line":204,"column":32}},"loc":{"start":{"line":204,"column":38},"end":{"line":219,"column":3}},"line":204},"4":{"name":"mainReq","decl":{"start":{"line":231,"column":9},"end":{"line":231,"column":16}},"loc":{"start":{"line":231,"column":76},"end":{"line":367,"column":1}},"line":231},"5":{"name":"(anonymous_5)","decl":{"start":{"line":270,"column":8},"end":{"line":270,"column":9}},"loc":{"start":{"line":270,"column":30},"end":{"line":328,"column":3}},"line":270},"6":{"name":"(anonymous_6)","decl":{"start":{"line":329,"column":9},"end":{"line":329,"column":10}},"loc":{"start":{"line":329,"column":18},"end":{"line":366,"column":3}},"line":329},"7":{"name":"(anonymous_7)","decl":{"start":{"line":369,"column":30},"end":{"line":369,"column":31}},"loc":{"start":{"line":369,"column":37},"end":{"line":386,"column":1}},"line":369},"8":{"name":"(anonymous_8)","decl":{"start":{"line":370,"column":31},"end":{"line":370,"column":32}},"loc":{"start":{"line":376,"column":3},"end":{"line":385,"column":2}},"line":376}},"branchMap":{"0":{"loc":{"start":{"line":11,"column":28},"end":{"line":11,"column":76}},"type":"binary-expr","locations":[{"start":{"line":11,"column":28},"end":{"line":11,"column":68}},{"start":{"line":11,"column":72},"end":{"line":11,"column":76}}],"line":11},"1":{"loc":{"start":{"line":13,"column":0},"end":{"line":20,"column":1}},"type":"if","locations":[{"start":{"line":13,"column":0},"end":{"line":20,"column":1}},{"start":{"line":13,"column":0},"end":{"line":20,"column":1}}],"line":13},"2":{"loc":{"start":{"line":15,"column":2},"end":{"line":19,"column":3}},"type":"binary-expr","locations":[{"start":{"line":15,"column":2},"end":{"line":15,"column":12}},{"start":{"line":16,"column":2},"end":{"line":19,"column":3}}],"line":15},"3":{"loc":{"start":{"line":41,"column":2},"end":{"line":45,"column":3}},"type":"if","locations":[{"start":{"line":41,"column":2},"end":{"line":45,"column":3}},{"start":{"line":41,"column":2},"end":{"line":45,"column":3}}],"line":41},"4":{"loc":{"start":{"line":55,"column":3},"end":{"line":59,"column":4}},"type":"if","locations":[{"start":{"line":55,"column":3},"end":{"line":59,"column":4}},{"start":{"line":55,"column":3},"end":{"line":59,"column":4}}],"line":55},"5":{"loc":{"start":{"line":69,"column":2},"end":{"line":73,"column":3}},"type":"if","locations":[{"start":{"line":69,"column":2},"end":{"line":73,"column":3}},{"start":{"line":69,"column":2},"end":{"line":73,"column":3}}],"line":69},"6":{"loc":{"start":{"line":91,"column":17},"end":{"line":91,"column":27}},"type":"default-arg","locations":[{"start":{"line":91,"column":25},"end":{"line":91,"column":27}}],"line":91},"7":{"loc":{"start":{"line":123,"column":3},"end":{"line":125,"column":4}},"type":"if","locations":[{"start":{"line":123,"column":3},"end":{"line":125,"column":4}},{"start":{"line":123,"column":3},"end":{"line":125,"column":4}}],"line":123},"8":{"loc":{"start":{"line":126,"column":18},"end":{"line":126,"column":36}},"type":"cond-expr","locations":[{"start":{"line":126,"column":28},"end":{"line":126,"column":30}},{"start":{"line":126,"column":33},"end":{"line":126,"column":36}}],"line":126},"9":{"loc":{"start":{"line":132,"column":12},"end":{"line":132,"column":22}},"type":"default-arg","locations":[{"start":{"line":132,"column":20},"end":{"line":132,"column":22}}],"line":132},"10":{"loc":{"start":{"line":133,"column":2},"end":{"line":137,"column":3}},"type":"if","locations":[{"start":{"line":133,"column":2},"end":{"line":137,"column":3}},{"start":{"line":133,"column":2},"end":{"line":137,"column":3}}],"line":133},"11":{"loc":{"start":{"line":140,"column":2},"end":{"line":157,"column":3}},"type":"if","locations":[{"start":{"line":140,"column":2},"end":{"line":157,"column":3}},{"start":{"line":140,"column":2},"end":{"line":157,"column":3}}],"line":140},"12":{"loc":{"start":{"line":144,"column":4},"end":{"line":149,"column":5}},"type":"if","locations":[{"start":{"line":144,"column":4},"end":{"line":149,"column":5}},{"start":{"line":144,"column":4},"end":{"line":149,"column":5}}],"line":144},"13":{"loc":{"start":{"line":144,"column":8},"end":{"line":144,"column":51}},"type":"binary-expr","locations":[{"start":{"line":144,"column":8},"end":{"line":144,"column":30}},{"start":{"line":144,"column":34},"end":{"line":144,"column":51}}],"line":144},"14":{"loc":{"start":{"line":151,"column":9},"end":{"line":157,"column":3}},"type":"if","locations":[{"start":{"line":151,"column":9},"end":{"line":157,"column":3}},{"start":{"line":151,"column":9},"end":{"line":157,"column":3}}],"line":151},"15":{"loc":{"start":{"line":161,"column":9},"end":{"line":161,"column":76}},"type":"binary-expr","locations":[{"start":{"line":161,"column":9},"end":{"line":161,"column":15}},{"start":{"line":161,"column":19},"end":{"line":161,"column":45}},{"start":{"line":161,"column":49},"end":{"line":161,"column":76}}],"line":161},"16":{"loc":{"start":{"line":164,"column":8},"end":{"line":164,"column":17}},"type":"binary-expr","locations":[{"start":{"line":164,"column":8},"end":{"line":164,"column":11}},{"start":{"line":164,"column":15},"end":{"line":164,"column":17}}],"line":164},"17":{"loc":{"start":{"line":176,"column":2},"end":{"line":183,"column":3}},"type":"if","locations":[{"start":{"line":176,"column":2},"end":{"line":183,"column":3}},{"start":{"line":176,"column":2},"end":{"line":183,"column":3}}],"line":176},"18":{"loc":{"start":{"line":178,"column":4},"end":{"line":181,"column":5}},"type":"if","locations":[{"start":{"line":178,"column":4},"end":{"line":181,"column":5}},{"start":{"line":178,"column":4},"end":{"line":181,"column":5}}],"line":178},"19":{"loc":{"start":{"line":187,"column":9},"end":{"line":195,"column":6}},"type":"cond-expr","locations":[{"start":{"line":188,"column":5},"end":{"line":191,"column":7}},{"start":{"line":192,"column":5},"end":{"line":195,"column":6}}],"line":187},"20":{"loc":{"start":{"line":203,"column":1},"end":{"line":220,"column":2}},"type":"if","locations":[{"start":{"line":203,"column":1},"end":{"line":220,"column":2}},{"start":{"line":203,"column":1},"end":{"line":220,"column":2}}],"line":203},"21":{"loc":{"start":{"line":205,"column":3},"end":{"line":218,"column":4}},"type":"switch","locations":[{"start":{"line":206,"column":4},"end":{"line":211,"column":11}},{"start":{"line":212,"column":4},"end":{"line":214,"column":11}},{"start":{"line":215,"column":4},"end":{"line":217,"column":11}}],"line":205},"22":{"loc":{"start":{"line":208,"column":6},"end":{"line":208,"column":52}},"type":"binary-expr","locations":[{"start":{"line":208,"column":6},"end":{"line":208,"column":44}},{"start":{"line":208,"column":48},"end":{"line":208,"column":52}}],"line":208},"23":{"loc":{"start":{"line":238,"column":1},"end":{"line":244,"column":2}},"type":"if","locations":[{"start":{"line":238,"column":1},"end":{"line":244,"column":2}},{"start":{"line":238,"column":1},"end":{"line":244,"column":2}}],"line":238},"24":{"loc":{"start":{"line":251,"column":11},"end":{"line":251,"column":58}},"type":"binary-expr","locations":[{"start":{"line":251,"column":12},"end":{"line":251,"column":21}},{"start":{"line":251,"column":25},"end":{"line":251,"column":51}},{"start":{"line":251,"column":56},"end":{"line":251,"column":58}}],"line":251},"25":{"loc":{"start":{"line":253,"column":2},"end":{"line":255,"column":26}},"type":"cond-expr","locations":[{"start":{"line":254,"column":5},"end":{"line":254,"column":36}},{"start":{"line":255,"column":5},"end":{"line":255,"column":26}}],"line":253},"26":{"loc":{"start":{"line":253,"column":2},"end":{"line":253,"column":25}},"type":"binary-expr","locations":[{"start":{"line":253,"column":2},"end":{"line":253,"column":11}},{"start":{"line":253,"column":15},"end":{"line":253,"column":25}}],"line":253},"27":{"loc":{"start":{"line":257,"column":2},"end":{"line":259,"column":9}},"type":"cond-expr","locations":[{"start":{"line":258,"column":5},"end":{"line":258,"column":37}},{"start":{"line":259,"column":5},"end":{"line":259,"column":9}}],"line":257},"28":{"loc":{"start":{"line":268,"column":1},"end":{"line":268,"column":75}},"type":"cond-expr","locations":[{"start":{"line":268,"column":22},"end":{"line":268,"column":47}},{"start":{"line":268,"column":52},"end":{"line":268,"column":74}}],"line":268},"29":{"loc":{"start":{"line":274,"column":3},"end":{"line":299,"column":4}},"type":"if","locations":[{"start":{"line":274,"column":3},"end":{"line":299,"column":4}},{"start":{"line":274,"column":3},"end":{"line":299,"column":4}}],"line":274},"30":{"loc":{"start":{"line":274,"column":7},"end":{"line":274,"column":45}},"type":"binary-expr","locations":[{"start":{"line":274,"column":7},"end":{"line":274,"column":17}},{"start":{"line":274,"column":21},"end":{"line":274,"column":32}},{"start":{"line":274,"column":36},"end":{"line":274,"column":45}}],"line":274},"31":{"loc":{"start":{"line":276,"column":4},"end":{"line":298,"column":5}},"type":"if","locations":[{"start":{"line":276,"column":4},"end":{"line":298,"column":5}},{"start":{"line":276,"column":4},"end":{"line":298,"column":5}}],"line":276},"32":{"loc":{"start":{"line":303,"column":10},"end":{"line":303,"column":62}},"type":"cond-expr","locations":[{"start":{"line":303,"column":48},"end":{"line":303,"column":49}},{"start":{"line":303,"column":52},"end":{"line":303,"column":62}}],"line":303},"33":{"loc":{"start":{"line":303,"column":10},"end":{"line":303,"column":45}},"type":"binary-expr","locations":[{"start":{"line":303,"column":10},"end":{"line":303,"column":26}},{"start":{"line":303,"column":30},"end":{"line":303,"column":45}}],"line":303},"34":{"loc":{"start":{"line":306,"column":12},"end":{"line":306,"column":42}},"type":"cond-expr","locations":[{"start":{"line":306,"column":26},"end":{"line":306,"column":37}},{"start":{"line":306,"column":40},"end":{"line":306,"column":42}}],"line":306},"35":{"loc":{"start":{"line":311,"column":3},"end":{"line":327,"column":4}},"type":"if","locations":[{"start":{"line":311,"column":3},"end":{"line":327,"column":4}},{"start":{"line":311,"column":3},"end":{"line":327,"column":4}}],"line":311},"36":{"loc":{"start":{"line":312,"column":4},"end":{"line":318,"column":5}},"type":"if","locations":[{"start":{"line":312,"column":4},"end":{"line":318,"column":5}},{"start":{"line":312,"column":4},"end":{"line":318,"column":5}}],"line":312},"37":{"loc":{"start":{"line":315,"column":5},"end":{"line":317,"column":6}},"type":"if","locations":[{"start":{"line":315,"column":5},"end":{"line":317,"column":6}},{"start":{"line":315,"column":5},"end":{"line":317,"column":6}}],"line":315},"38":{"loc":{"start":{"line":320,"column":4},"end":{"line":326,"column":5}},"type":"if","locations":[{"start":{"line":320,"column":4},"end":{"line":326,"column":5}},{"start":{"line":320,"column":4},"end":{"line":326,"column":5}}],"line":320},"39":{"loc":{"start":{"line":323,"column":5},"end":{"line":325,"column":6}},"type":"if","locations":[{"start":{"line":323,"column":5},"end":{"line":325,"column":6}},{"start":{"line":323,"column":5},"end":{"line":325,"column":6}}],"line":323},"40":{"loc":{"start":{"line":333,"column":4},"end":{"line":361,"column":5}},"type":"if","locations":[{"start":{"line":333,"column":4},"end":{"line":361,"column":5}},{"start":{"line":333,"column":4},"end":{"line":361,"column":5}}],"line":333},"41":{"loc":{"start":{"line":347,"column":11},"end":{"line":361,"column":5}},"type":"if","locations":[{"start":{"line":347,"column":11},"end":{"line":361,"column":5}},{"start":{"line":347,"column":11},"end":{"line":361,"column":5}}],"line":347}},"s":{"0":1,"1":1,"2":1,"3":1,"4":1,"5":1,"6":1,"7":1,"8":83,"9":83,"10":1,"11":1,"12":3,"13":3,"14":3,"15":2,"16":1,"17":3,"18":4,"19":7,"20":6,"21":5,"22":1,"23":2,"24":3,"25":3,"26":1,"27":2,"28":3,"29":4,"30":11,"31":4,"32":5,"33":5,"34":5,"35":12,"36":12,"37":1,"38":11,"39":11,"40":5,"41":15,"42":15,"43":15,"44":0,"45":0,"46":0,"47":0,"48":0,"49":0,"50":0,"51":0,"52":0,"53":6,"54":0,"55":0,"56":0,"57":0,"58":0,"59":0,"60":0,"61":19,"62":19,"63":8,"64":2,"65":2,"66":19,"67":22,"68":1,"69":4,"70":4,"71":4,"72":2,"73":2,"74":2,"75":1,"76":1,"77":1,"78":1,"79":14,"80":14,"81":14,"82":14,"83":14,"84":14,"85":14,"86":14,"87":14,"88":14,"89":14,"90":14,"91":14,"92":14,"93":14,"94":11,"95":11,"96":11,"97":3,"98":3,"99":1,"100":1,"101":1,"102":2,"103":2,"104":1,"105":1,"106":1,"107":9,"108":9,"109":9,"110":9,"111":9,"112":6,"113":2,"114":4,"115":2,"116":3,"117":1,"118":2,"119":1,"120":3,"121":3,"122":3,"123":3,"124":1,"125":1,"126":1,"127":1,"128":1,"129":2,"130":1,"131":1,"132":1,"133":1,"134":0,"135":1,"136":4,"137":14,"138":1},"f":{"0":83,"1":6,"2":4,"3":4,"4":14,"5":11,"6":3,"7":4,"8":14},"b":{"0":[1,1],"1":[1,0],"2":[1,1],"3":[2,1],"4":[5,1],"5":[1,2],"6":[4],"7":[1,11],"8":[5,6],"9":[14],"10":[15,0],"11":[0,0],"12":[0,0],"13":[0,0],"14":[0,0],"15":[6,3,2],"16":[0,0],"17":[19,0],"18":[2,6],"19":[5,17],"20":[4,0],"21":[2,1,1],"22":[2,2],"23":[14,0],"24":[14,3,11],"25":[3,11],"26":[14,3],"27":[0,14],"28":[0,14],"29":[3,8],"30":[11,11,3],"31":[1,2],"32":[6,3],"33":[9,9],"34":[0,9],"35":[6,3],"36":[2,4],"37":[2,2],"38":[1,2],"39":[1,1],"40":[1,2],"41":[1,1]},"_coverageSchema":"332fd63041d2c1bcb487cc26dd0d5f7d97098a6c","hash":"22ec78510a2137ebaedafed5e8e3ee325ee35199"}
}
