TN:
SF:/Users/oliver/Documents/Projects/JS/demon/api/ApiTool.js
FN:5,(anonymous_0)
FN:9,(anonymous_1)
FN:13,(anonymous_2)
FNF:3
FNH:1
FNDA:2,(anonymous_0)
FNDA:0,(anonymous_1)
FNDA:0,(anonymous_2)
DA:1,1
DA:3,1
DA:5,1
DA:6,2
DA:9,1
DA:10,0
DA:13,1
DA:14,0
DA:17,1
LF:9
LH:7
BRF:0
BRH:0
end_of_record
TN:
SF:/Users/oliver/Documents/Projects/JS/demon/config/server/setting.js
FNF:0
FNH:0
DA:1,1
DA:2,1
DA:3,1
DA:28,1
LF:4
LH:4
BRF:0
BRH:0
end_of_record
TN:
SF:/Users/oliver/Documents/Projects/JS/demon/network/server/controllers/BaseController.js
FN:8,(anonymous_0)
FN:16,(anonymous_1)
FN:22,(anonymous_2)
FN:28,(anonymous_3)
FN:35,(anonymous_4)
FN:44,(anonymous_5)
FN:60,(anonymous_6)
FN:68,(anonymous_7)
FN:81,(anonymous_8)
FN:93,(anonymous_9)
FN:115,(anonymous_10)
FNF:11
FNH:2
FNDA:1,(anonymous_0)
FNDA:0,(anonymous_1)
FNDA:0,(anonymous_2)
FNDA:0,(anonymous_3)
FNDA:0,(anonymous_4)
FNDA:3,(anonymous_5)
FNDA:0,(anonymous_6)
FNDA:0,(anonymous_7)
FNDA:0,(anonymous_8)
FNDA:0,(anonymous_9)
FNDA:0,(anonymous_10)
DA:1,1
DA:9,1
DA:10,1
DA:17,0
DA:23,0
DA:29,0
DA:36,0
DA:37,0
DA:38,0
DA:45,3
DA:46,3
DA:50,3
DA:51,18
DA:54,3
DA:61,0
DA:69,0
DA:70,0
DA:71,0
DA:72,0
DA:73,0
DA:75,0
DA:82,0
DA:83,0
DA:84,0
DA:94,0
DA:95,0
DA:115,0
DA:116,0
DA:121,1
LF:29
LH:9
BRDA:36,0,0,0
BRDA:36,0,1,0
BRDA:36,1,0,0
BRDA:36,1,1,0
BRDA:38,2,0,0
BRDA:38,2,1,0
BRDA:51,3,0,18
BRDA:51,3,1,18
BRDA:61,4,0,0
BRDA:61,4,1,0
BRDA:69,5,0,0
BRDA:69,5,1,0
BRDA:71,6,0,0
BRDA:71,6,1,0
BRDA:72,7,0,0
BRDA:72,7,1,0
BRDA:84,8,0,0
BRDA:84,8,1,0
BRDA:84,9,0,0
BRDA:84,9,1,0
BRDA:95,10,0,0
BRDA:95,10,1,0
BRDA:95,10,2,0
BRF:23
BRH:2
end_of_record
TN:
SF:/Users/oliver/Documents/Projects/JS/demon/utils/CookieHelp.js
FNF:0
FNH:0
DA:5,2
DA:11,4
DA:12,2
DA:14,4
DA:15,4
DA:23,4
DA:24,2
DA:25,2
DA:26,1
DA:28,1
DA:29,1
DA:31,0
DA:35,2
DA:45,2
DA:46,2
DA:49,1
DA:56,8
DA:57,3
DA:58,3
DA:59,3
DA:60,3
DA:61,3
DA:62,3
DA:63,3
DA:64,3
DA:66,3
DA:67,3
DA:70,5
DA:73,7
DA:74,7
DA:77,10
DA:78,10
DA:79,5
DA:81,5
DA:84,10
DA:87,10
DA:88,10
DA:89,10
DA:90,10
DA:95,2
DA:96,2
DA:97,1
DA:98,2
DA:103,2
LF:44
LH:43
BRDA:11,0,0,2
BRDA:11,0,1,2
BRDA:23,1,0,2
BRDA:23,1,1,2
BRDA:25,2,0,1
BRDA:25,2,1,1
BRDA:25,3,0,2
BRDA:25,3,1,2
BRDA:35,4,0,1
BRDA:35,4,1,1
BRDA:56,5,0,3
BRDA:56,5,1,5
BRDA:58,6,0,3
BRDA:58,6,1,0
BRDA:63,7,0,3
BRDA:63,7,1,0
BRDA:73,8,0,7
BRDA:73,8,1,7
BRDA:78,9,0,5
BRDA:78,9,1,5
BRDA:84,10,0,10
BRDA:84,10,1,0
BRDA:87,11,0,5
BRDA:87,11,1,5
BRDA:96,12,0,1
BRDA:96,12,1,1
BRF:26
BRH:23
end_of_record
TN:
SF:/Users/oliver/Documents/Projects/JS/demon/utils/Des.js
FN:5,strEnc
FN:167,strDec
FN:242,getKeyBytes
FN:262,strToBt
FN:307,bt4ToHex
FN:335,hexToBt4
FN:363,byteToString
FN:381,bt64ToHex
FN:393,hexToBt64
FN:405,enc
FN:441,dec
FN:477,initPermute
FN:488,expandPermute
FN:509,xor
FN:517,sBoxPermute
FN:616,pPermute
FN:653,finallyPermute
FN:722,getBoxBinary
FN:748,generateKeys
FNF:19
FNH:14
FNDA:1,strEnc
FNDA:0,strDec
FNDA:1,getKeyBytes
FNDA:4,strToBt
FNDA:48,bt4ToHex
FNDA:0,hexToBt4
FNDA:0,byteToString
FNDA:3,bt64ToHex
FNDA:0,hexToBt64
FNDA:3,enc
FNDA:0,dec
FNDA:3,initPermute
FNDA:48,expandPermute
FNDA:96,xor
FNDA:48,sBoxPermute
FNDA:48,pPermute
FNDA:3,finallyPermute
FNDA:384,getBoxBinary
FNDA:3,generateKeys
DA:6,1
DA:7,1
DA:9,1
DA:10,1
DA:11,1
DA:13,1
DA:14,0
DA:15,0
DA:17,1
DA:18,0
DA:19,0
DA:22,1
DA:23,1
DA:24,0
DA:26,0
DA:29,0
DA:30,0
DA:31,0
DA:33,0
DA:34,0
DA:36,0
DA:37,0
DA:39,0
DA:41,0
DA:44,0
DA:45,0
DA:46,0
DA:48,0
DA:49,0
DA:51,0
DA:53,0
DA:55,0
DA:56,0
DA:57,0
DA:58,0
DA:60,0
DA:64,0
DA:66,1
DA:67,1
DA:68,1
DA:69,1
DA:70,2
DA:71,2
DA:73,2
DA:76,0
DA:77,0
DA:78,0
DA:80,0
DA:81,0
DA:83,0
DA:84,0
DA:86,0
DA:88,2
DA:91,0
DA:92,0
DA:93,0
DA:95,0
DA:96,0
DA:98,0
DA:100,2
DA:103,2
DA:104,2
DA:105,2
DA:107,2
DA:111,2
DA:113,1
DA:114,1
DA:115,1
DA:117,1
DA:120,0
DA:121,0
DA:122,0
DA:124,0
DA:125,0
DA:127,0
DA:128,0
DA:130,0
DA:132,1
DA:135,0
DA:136,0
DA:137,0
DA:139,0
DA:140,0
DA:142,0
DA:144,1
DA:147,1
DA:148,1
DA:149,1
DA:151,1
DA:155,1
DA:159,1
DA:168,0
DA:169,0
DA:171,0
DA:172,0
DA:173,0
DA:175,0
DA:176,0
DA:177,0
DA:179,0
DA:180,0
DA:181,0
DA:184,0
DA:185,0
DA:186,0
DA:187,0
DA:188,0
DA:189,0
DA:190,0
DA:191,0
DA:192,0
DA:195,0
DA:198,0
DA:199,0
DA:200,0
DA:202,0
DA:203,0
DA:205,0
DA:206,0
DA:208,0
DA:210,0
DA:213,0
DA:214,0
DA:215,0
DA:217,0
DA:218,0
DA:220,0
DA:222,0
DA:225,0
DA:226,0
DA:227,0
DA:229,0
DA:233,0
DA:235,0
DA:243,1
DA:244,1
DA:245,1
DA:246,1
DA:247,1
DA:248,1
DA:249,0
DA:251,1
DA:252,1
DA:254,1
DA:263,4
DA:264,4
DA:265,4
DA:266,2
DA:267,2
DA:268,2
DA:269,2
DA:270,32
DA:271,32
DA:272,240
DA:274,32
DA:277,2
DA:278,6
DA:279,6
DA:280,96
DA:281,96
DA:282,720
DA:284,96
DA:288,2
DA:289,8
DA:290,8
DA:291,128
DA:292,128
DA:293,960
DA:295,128
DA:299,4
DA:309,48
DA:310,2
DA:311,3
DA:312,4
DA:313,5
DA:314,4
DA:315,2
DA:316,1
DA:317,0
DA:318,4
DA:319,3
DA:320,2
DA:321,5
DA:322,5
DA:323,2
DA:324,4
DA:325,2
DA:327,48
DA:337,0
DA:338,0
DA:339,0
DA:340,0
DA:341,0
DA:342,0
DA:343,0
DA:344,0
DA:345,0
DA:346,0
DA:347,0
DA:348,0
DA:349,0
DA:350,0
DA:351,0
DA:352,0
DA:353,0
DA:355,0
DA:364,0
DA:365,0
DA:366,0
DA:367,0
DA:368,0
DA:369,0
DA:370,0
DA:372,0
DA:374,0
DA:375,0
DA:378,0
DA:382,3
DA:383,3
DA:384,48
DA:385,48
DA:386,192
DA:388,48
DA:390,3
DA:394,0
DA:395,0
DA:396,0
DA:398,0
DA:406,3
DA:407,3
DA:408,3
DA:409,3
DA:410,3
DA:411,3
DA:412,3
DA:413,96
DA:414,96
DA:416,3
DA:417,48
DA:418,1536
DA:419,1536
DA:421,48
DA:422,48
DA:423,2304
DA:425,48
DA:426,48
DA:427,1536
DA:433,3
DA:434,3
DA:435,96
DA:436,96
DA:438,3
DA:442,0
DA:443,0
DA:444,0
DA:445,0
DA:446,0
DA:447,0
DA:448,0
DA:449,0
DA:450,0
DA:452,0
DA:453,0
DA:454,0
DA:455,0
DA:457,0
DA:458,0
DA:459,0
DA:462,0
DA:463,0
DA:464,0
DA:469,0
DA:470,0
DA:471,0
DA:472,0
DA:474,0
DA:478,3
DA:479,3
DA:480,12
DA:481,96
DA:482,96
DA:485,3
DA:489,48
DA:490,48
DA:491,384
DA:492,48
DA:494,336
DA:496,384
DA:497,384
DA:498,384
DA:499,384
DA:500,384
DA:501,48
DA:503,336
DA:506,48
DA:510,96
DA:511,96
DA:512,3840
DA:514,96
DA:519,48
DA:520,48
DA:521,48
DA:528,48
DA:535,48
DA:541,48
DA:548,48
DA:555,48
DA:562,48
DA:569,48
DA:575,48
DA:576,384
DA:577,384
DA:578,384
DA:582,384
DA:584,48
DA:585,48
DA:587,48
DA:588,48
DA:590,48
DA:591,48
DA:593,48
DA:594,48
DA:596,48
DA:597,48
DA:599,48
DA:600,48
DA:602,48
DA:603,48
DA:605,48
DA:606,48
DA:608,384
DA:609,384
DA:610,384
DA:611,384
DA:613,48
DA:617,48
DA:618,48
DA:619,48
DA:620,48
DA:621,48
DA:622,48
DA:623,48
DA:624,48
DA:625,48
DA:626,48
DA:627,48
DA:628,48
DA:629,48
DA:630,48
DA:631,48
DA:632,48
DA:633,48
DA:634,48
DA:635,48
DA:636,48
DA:637,48
DA:638,48
DA:639,48
DA:640,48
DA:641,48
DA:642,48
DA:643,48
DA:644,48
DA:645,48
DA:646,48
DA:647,48
DA:648,48
DA:649,48
DA:650,48
DA:654,3
DA:655,3
DA:656,3
DA:657,3
DA:658,3
DA:659,3
DA:660,3
DA:661,3
DA:662,3
DA:663,3
DA:664,3
DA:665,3
DA:666,3
DA:667,3
DA:668,3
DA:669,3
DA:670,3
DA:671,3
DA:672,3
DA:673,3
DA:674,3
DA:675,3
DA:676,3
DA:677,3
DA:678,3
DA:679,3
DA:680,3
DA:681,3
DA:682,3
DA:683,3
DA:684,3
DA:685,3
DA:686,3
DA:687,3
DA:688,3
DA:689,3
DA:690,3
DA:691,3
DA:692,3
DA:693,3
DA:694,3
DA:695,3
DA:696,3
DA:697,3
DA:698,3
DA:699,3
DA:700,3
DA:701,3
DA:702,3
DA:703,3
DA:704,3
DA:705,3
DA:706,3
DA:707,3
DA:708,3
DA:709,3
DA:710,3
DA:711,3
DA:712,3
DA:713,3
DA:714,3
DA:715,3
DA:716,3
DA:717,3
DA:718,3
DA:719,3
DA:723,384
DA:724,384
DA:725,27
DA:726,27
DA:727,30
DA:728,21
DA:729,27
DA:730,18
DA:731,25
DA:732,27
DA:733,26
DA:734,26
DA:735,23
DA:736,16
DA:737,23
DA:738,20
DA:739,25
DA:740,23
DA:742,384
DA:749,3
DA:750,3
DA:752,3
DA:753,3
DA:754,3
DA:755,3
DA:756,3
DA:757,3
DA:758,3
DA:759,3
DA:760,3
DA:761,3
DA:762,3
DA:763,3
DA:764,3
DA:765,3
DA:766,3
DA:767,3
DA:768,3
DA:770,3
DA:771,21
DA:772,168
DA:776,3
DA:777,3
DA:778,48
DA:779,48
DA:780,48
DA:781,84
DA:782,84
DA:783,84
DA:784,2268
DA:785,2268
DA:787,84
DA:788,84
DA:790,48
DA:791,48
DA:792,48
DA:793,48
DA:794,48
DA:795,48
DA:796,48
DA:797,48
DA:798,48
DA:799,48
DA:800,48
DA:801,48
DA:802,48
DA:803,48
DA:804,48
DA:805,48
DA:806,48
DA:807,48
DA:808,48
DA:809,48
DA:810,48
DA:811,48
DA:812,48
DA:813,48
DA:814,48
DA:815,48
DA:816,48
DA:817,48
DA:818,48
DA:819,48
DA:820,48
DA:821,48
DA:822,48
DA:823,48
DA:824,48
DA:825,48
DA:826,48
DA:827,48
DA:828,48
DA:829,48
DA:830,48
DA:831,48
DA:832,48
DA:833,48
DA:834,48
DA:835,48
DA:836,48
DA:837,48
DA:838,48
DA:840,48
DA:841,144
DA:842,144
DA:843,144
DA:844,144
DA:845,144
DA:846,144
DA:847,144
DA:848,144
DA:849,144
DA:850,144
DA:851,144
DA:852,144
DA:853,144
DA:854,144
DA:855,144
DA:856,144
DA:859,3
DA:862,1
LF:556
LH:398
BRDA:9,0,0,1
BRDA:9,0,1,0
BRDA:9,1,0,1
BRDA:9,1,1,1
BRDA:13,2,0,0
BRDA:13,2,1,1
BRDA:13,3,0,1
BRDA:13,3,1,0
BRDA:17,4,0,0
BRDA:17,4,1,1
BRDA:17,5,0,1
BRDA:17,5,1,0
BRDA:22,6,0,1
BRDA:22,6,1,0
BRDA:23,7,0,0
BRDA:23,7,1,1
BRDA:26,8,0,0
BRDA:26,8,1,0
BRDA:26,9,0,0
BRDA:26,9,1,0
BRDA:26,9,2,0
BRDA:26,9,3,0
BRDA:26,9,4,0
BRDA:26,9,5,0
BRDA:41,10,0,0
BRDA:41,10,1,0
BRDA:41,11,0,0
BRDA:41,11,1,0
BRDA:41,11,2,0
BRDA:41,11,3,0
BRDA:53,12,0,0
BRDA:53,12,1,0
BRDA:53,13,0,0
BRDA:53,13,1,0
BRDA:73,14,0,0
BRDA:73,14,1,2
BRDA:73,15,0,2
BRDA:73,15,1,2
BRDA:73,15,2,2
BRDA:73,15,3,0
BRDA:73,15,4,0
BRDA:73,15,5,0
BRDA:88,16,0,0
BRDA:88,16,1,2
BRDA:88,17,0,2
BRDA:88,17,1,2
BRDA:88,17,2,2
BRDA:88,17,3,0
BRDA:100,18,0,2
BRDA:100,18,1,0
BRDA:100,19,0,2
BRDA:100,19,1,2
BRDA:113,20,0,1
BRDA:113,20,1,0
BRDA:117,21,0,0
BRDA:117,21,1,1
BRDA:117,22,0,1
BRDA:117,22,1,1
BRDA:117,22,2,1
BRDA:117,22,3,0
BRDA:117,22,4,0
BRDA:117,22,5,0
BRDA:132,23,0,0
BRDA:132,23,1,1
BRDA:132,24,0,1
BRDA:132,24,1,1
BRDA:132,24,2,1
BRDA:132,24,3,0
BRDA:144,25,0,1
BRDA:144,25,1,0
BRDA:144,26,0,1
BRDA:144,26,1,1
BRDA:171,27,0,0
BRDA:171,27,1,0
BRDA:171,28,0,0
BRDA:171,28,1,0
BRDA:175,29,0,0
BRDA:175,29,1,0
BRDA:175,30,0,0
BRDA:175,30,1,0
BRDA:179,31,0,0
BRDA:179,31,1,0
BRDA:179,32,0,0
BRDA:179,32,1,0
BRDA:195,33,0,0
BRDA:195,33,1,0
BRDA:195,34,0,0
BRDA:195,34,1,0
BRDA:195,34,2,0
BRDA:195,34,3,0
BRDA:195,34,4,0
BRDA:195,34,5,0
BRDA:210,35,0,0
BRDA:210,35,1,0
BRDA:210,36,0,0
BRDA:210,36,1,0
BRDA:210,36,2,0
BRDA:210,36,3,0
BRDA:222,37,0,0
BRDA:222,37,1,0
BRDA:222,38,0,0
BRDA:222,38,1,0
BRDA:251,39,0,1
BRDA:251,39,1,0
BRDA:265,40,0,2
BRDA:265,40,1,2
BRDA:309,41,0,2
BRDA:309,41,1,3
BRDA:309,41,2,4
BRDA:309,41,3,5
BRDA:309,41,4,4
BRDA:309,41,5,2
BRDA:309,41,6,1
BRDA:309,41,7,0
BRDA:309,41,8,4
BRDA:309,41,9,3
BRDA:309,41,10,2
BRDA:309,41,11,5
BRDA:309,41,12,5
BRDA:309,41,13,2
BRDA:309,41,14,4
BRDA:309,41,15,2
BRDA:337,42,0,0
BRDA:337,42,1,0
BRDA:337,42,2,0
BRDA:337,42,3,0
BRDA:337,42,4,0
BRDA:337,42,5,0
BRDA:337,42,6,0
BRDA:337,42,7,0
BRDA:337,42,8,0
BRDA:337,42,9,0
BRDA:337,42,10,0
BRDA:337,42,11,0
BRDA:337,42,12,0
BRDA:337,42,13,0
BRDA:337,42,14,0
BRDA:337,42,15,0
BRDA:374,43,0,0
BRDA:374,43,1,0
BRDA:491,44,0,48
BRDA:491,44,1,336
BRDA:500,45,0,48
BRDA:500,45,1,336
BRDA:582,46,0,48
BRDA:582,46,1,48
BRDA:582,46,2,48
BRDA:582,46,3,48
BRDA:582,46,4,48
BRDA:582,46,5,48
BRDA:582,46,6,48
BRDA:582,46,7,48
BRDA:724,47,0,27
BRDA:724,47,1,27
BRDA:724,47,2,30
BRDA:724,47,3,21
BRDA:724,47,4,27
BRDA:724,47,5,18
BRDA:724,47,6,25
BRDA:724,47,7,27
BRDA:724,47,8,26
BRDA:724,47,9,26
BRDA:724,47,10,23
BRDA:724,47,11,16
BRDA:724,47,12,23
BRDA:724,47,13,20
BRDA:724,47,14,25
BRDA:724,47,15,23
BRDA:840,48,0,3
BRDA:840,48,1,3
BRDA:840,48,2,3
BRDA:840,48,3,3
BRDA:840,48,4,3
BRDA:840,48,5,3
BRDA:840,48,6,3
BRDA:840,48,7,3
BRDA:840,48,8,3
BRDA:840,48,9,3
BRDA:840,48,10,3
BRDA:840,48,11,3
BRDA:840,48,12,3
BRDA:840,48,13,3
BRDA:840,48,14,3
BRDA:840,48,15,3
BRF:184
BRH:94
end_of_record
TN:
SF:/Users/oliver/Documents/Projects/JS/demon/utils/FingerPrintGenerator.js
FN:12,split
FN:25,createFP
FN:33,(anonymous_2)
FNF:3
FNH:3
FNDA:1,split
FNDA:1,createFP
FNDA:2,(anonymous_2)
DA:1,1
DA:2,1
DA:13,1
DA:14,1
DA:15,1
DA:16,46
DA:17,23
DA:19,23
DA:22,1
DA:26,1
DA:27,1
DA:30,1
DA:34,2
DA:35,2
DA:36,2
DA:40,1
LF:16
LH:16
BRDA:16,0,0,23
BRDA:16,0,1,23
BRDA:34,1,0,2
BRDA:34,1,1,1
BRDA:35,2,0,2
BRDA:35,2,1,1
BRF:6
BRH:6
end_of_record
TN:
SF:/Users/oliver/Documents/Projects/JS/demon/utils/HttpTool.js
FN:16,(anonymous_0)
FN:54,(anonymous_1)
FN:202,init
FN:204,(anonymous_3)
FN:231,mainReq
FN:270,(anonymous_5)
FN:329,(anonymous_6)
FN:369,(anonymous_7)
FN:370,(anonymous_8)
FNF:9
FNH:9
FNDA:83,(anonymous_0)
FNDA:6,(anonymous_1)
FNDA:4,init
FNDA:4,(anonymous_3)
FNDA:14,mainReq
FNDA:11,(anonymous_5)
FNDA:3,(anonymous_6)
FNDA:4,(anonymous_7)
FNDA:14,(anonymous_8)
DA:6,1
DA:7,1
DA:8,1
DA:9,1
DA:10,1
DA:11,1
DA:13,1
DA:14,1
DA:17,83
DA:18,83
DA:22,1
DA:29,1
DA:31,3
DA:40,3
DA:41,3
DA:42,2
DA:44,1
DA:46,3
DA:50,4
DA:54,7
DA:55,6
DA:56,5
DA:58,1
DA:64,2
DA:68,3
DA:69,3
DA:70,1
DA:72,2
DA:74,3
DA:78,4
DA:82,11
DA:106,4
DA:119,5
DA:120,5
DA:121,5
DA:122,12
DA:123,12
DA:124,1
DA:126,11
DA:127,11
DA:129,5
DA:133,15
DA:134,15
DA:135,15
DA:140,0
DA:141,0
DA:144,0
DA:145,0
DA:148,0
DA:151,0
DA:152,0
DA:153,0
DA:158,0
DA:161,6
DA:164,0
DA:165,0
DA:167,0
DA:168,0
DA:169,0
DA:170,0
DA:172,0
DA:176,19
DA:177,19
DA:178,8
DA:179,2
DA:180,2
DA:184,19
DA:187,22
DA:202,1
DA:203,4
DA:204,4
DA:205,4
DA:207,2
DA:210,2
DA:211,2
DA:213,1
DA:214,1
DA:216,1
DA:217,1
DA:238,14
DA:239,14
DA:245,14
DA:246,14
DA:247,14
DA:248,14
DA:249,14
DA:250,14
DA:251,14
DA:253,14
DA:256,14
DA:260,14
DA:262,14
DA:268,14
DA:269,14
DA:271,11
DA:272,11
DA:274,11
DA:275,3
DA:276,3
DA:277,1
DA:283,1
DA:284,1
DA:286,2
DA:287,2
DA:289,1
DA:295,1
DA:296,1
DA:302,9
DA:308,9
DA:309,9
DA:310,9
DA:311,9
DA:312,6
DA:313,2
DA:315,4
DA:316,2
DA:320,3
DA:321,1
DA:323,2
DA:324,1
DA:330,3
DA:331,3
DA:332,3
DA:333,3
DA:334,1
DA:340,1
DA:344,1
DA:345,1
DA:346,1
DA:347,2
DA:348,1
DA:354,1
DA:358,1
DA:360,1
DA:363,0
DA:369,1
DA:370,4
DA:377,14
DA:388,1
LF:139
LH:122
BRDA:11,0,0,1
BRDA:11,0,1,1
BRDA:13,1,0,1
BRDA:13,1,1,0
BRDA:15,2,0,1
BRDA:15,2,1,1
BRDA:41,3,0,2
BRDA:41,3,1,1
BRDA:55,4,0,5
BRDA:55,4,1,1
BRDA:69,5,0,1
BRDA:69,5,1,2
BRDA:91,6,0,4
BRDA:123,7,0,1
BRDA:123,7,1,11
BRDA:126,8,0,5
BRDA:126,8,1,6
BRDA:132,9,0,14
BRDA:133,10,0,15
BRDA:133,10,1,0
BRDA:140,11,0,0
BRDA:140,11,1,0
BRDA:144,12,0,0
BRDA:144,12,1,0
BRDA:144,13,0,0
BRDA:144,13,1,0
BRDA:151,14,0,0
BRDA:151,14,1,0
BRDA:161,15,0,6
BRDA:161,15,1,3
BRDA:161,15,2,2
BRDA:164,16,0,0
BRDA:164,16,1,0
BRDA:176,17,0,19
BRDA:176,17,1,0
BRDA:178,18,0,2
BRDA:178,18,1,6
BRDA:187,19,0,5
BRDA:187,19,1,17
BRDA:203,20,0,4
BRDA:203,20,1,0
BRDA:205,21,0,2
BRDA:205,21,1,1
BRDA:205,21,2,1
BRDA:208,22,0,2
BRDA:208,22,1,2
BRDA:238,23,0,14
BRDA:238,23,1,0
BRDA:251,24,0,14
BRDA:251,24,1,3
BRDA:251,24,2,11
BRDA:253,25,0,3
BRDA:253,25,1,11
BRDA:253,26,0,14
BRDA:253,26,1,3
BRDA:257,27,0,0
BRDA:257,27,1,14
BRDA:268,28,0,0
BRDA:268,28,1,14
BRDA:274,29,0,3
BRDA:274,29,1,8
BRDA:274,30,0,11
BRDA:274,30,1,11
BRDA:274,30,2,3
BRDA:276,31,0,1
BRDA:276,31,1,2
BRDA:303,32,0,6
BRDA:303,32,1,3
BRDA:303,33,0,9
BRDA:303,33,1,9
BRDA:306,34,0,0
BRDA:306,34,1,9
BRDA:311,35,0,6
BRDA:311,35,1,3
BRDA:312,36,0,2
BRDA:312,36,1,4
BRDA:315,37,0,2
BRDA:315,37,1,2
BRDA:320,38,0,1
BRDA:320,38,1,2
BRDA:323,39,0,1
BRDA:323,39,1,1
BRDA:333,40,0,1
BRDA:333,40,1,2
BRDA:347,41,0,1
BRDA:347,41,1,1
BRF:86
BRH:68
end_of_record
